2017-04-29 02:55:43.823+0000 WARN  [o.n.i.p.PageCache] The dbms.memory.pagecache.size setting has not been configured. It is recommended that this setting is always explicitly configured, to ensure the system has a balanced configuration. Until then, a computed heuristic value of 1616302080 bytes will be used instead. 
2017-04-29 02:55:43.900+0000 INFO  [o.n.k.i.f.CommunityEditionModule] No locking implementation specified, defaulting to 'community'
2017-04-29 02:55:44.081+0000 INFO  [o.n.k.AvailabilityGuard] Requirement makes database unavailable: Database available
2017-04-29 02:55:44.115+0000 INFO  [o.n.k.i.DiagnosticsManager] --- INITIALIZED diagnostics START ---
2017-04-29 02:55:44.115+0000 INFO  [o.n.k.i.DiagnosticsManager] Neo4j Kernel properties:
2017-04-29 02:55:44.115+0000 INFO  [o.n.k.i.DiagnosticsManager] unsupported.dbms.edition=community
2017-04-29 02:55:44.116+0000 INFO  [o.n.k.i.DiagnosticsManager] unsupported.dbms.directories.neo4j_home=F:\ProgramFiles\eclipse\workspace\neo4j\one
2017-04-29 02:55:44.116+0000 INFO  [o.n.k.i.DiagnosticsManager] unsupported.dbms.ephemeral=false
2017-04-29 02:55:44.116+0000 INFO  [o.n.k.i.DiagnosticsManager] Diagnostics providers:
2017-04-29 02:55:44.116+0000 INFO  [o.n.k.i.DiagnosticsManager] org.neo4j.kernel.configuration.Config
2017-04-29 02:55:44.116+0000 INFO  [o.n.k.i.DiagnosticsManager] org.neo4j.kernel.info.DiagnosticsManager
2017-04-29 02:55:44.116+0000 INFO  [o.n.k.i.DiagnosticsManager] SYSTEM_MEMORY
2017-04-29 02:55:44.117+0000 INFO  [o.n.k.i.DiagnosticsManager] JAVA_MEMORY
2017-04-29 02:55:44.117+0000 INFO  [o.n.k.i.DiagnosticsManager] OPERATING_SYSTEM
2017-04-29 02:55:44.117+0000 INFO  [o.n.k.i.DiagnosticsManager] JAVA_VIRTUAL_MACHINE
2017-04-29 02:55:44.117+0000 INFO  [o.n.k.i.DiagnosticsManager] CLASSPATH
2017-04-29 02:55:44.117+0000 INFO  [o.n.k.i.DiagnosticsManager] LIBRARY_PATH
2017-04-29 02:55:44.117+0000 INFO  [o.n.k.i.DiagnosticsManager] SYSTEM_PROPERTIES
2017-04-29 02:55:44.117+0000 INFO  [o.n.k.i.DiagnosticsManager] NETWORK
2017-04-29 02:55:44.117+0000 INFO  [o.n.k.i.DiagnosticsManager] System memory information:
2017-04-29 02:55:44.120+0000 INFO  [o.n.k.i.DiagnosticsManager] Total Physical memory: 3.87 GB
2017-04-29 02:55:44.120+0000 INFO  [o.n.k.i.DiagnosticsManager] Free Physical memory: 1.45 GB
2017-04-29 02:55:44.120+0000 INFO  [o.n.k.i.DiagnosticsManager] Committed virtual memory: 166.48 MB
2017-04-29 02:55:44.120+0000 INFO  [o.n.k.i.DiagnosticsManager] Total swap space: 7.74 GB
2017-04-29 02:55:44.120+0000 INFO  [o.n.k.i.DiagnosticsManager] Free swap space: 4.77 GB
2017-04-29 02:55:44.121+0000 INFO  [o.n.k.i.DiagnosticsManager] JVM memory information:
2017-04-29 02:55:44.121+0000 INFO  [o.n.k.i.DiagnosticsManager] Free  memory: 41.54 MB
2017-04-29 02:55:44.121+0000 INFO  [o.n.k.i.DiagnosticsManager] Total memory: 59.50 MB
2017-04-29 02:55:44.121+0000 INFO  [o.n.k.i.DiagnosticsManager] Max   memory: 882.00 MB
2017-04-29 02:55:44.123+0000 INFO  [o.n.k.i.DiagnosticsManager] Garbage Collector: PS Scavenge: [PS Eden Space, PS Survivor Space]
2017-04-29 02:55:44.123+0000 INFO  [o.n.k.i.DiagnosticsManager] Garbage Collector: PS MarkSweep: [PS Eden Space, PS Survivor Space, PS Old Gen]
2017-04-29 02:55:44.124+0000 INFO  [o.n.k.i.DiagnosticsManager] Memory Pool: Code Cache (Non-heap memory): committed=3.50 MB, used=3.45 MB, max=240.00 MB, threshold=0.00 B
2017-04-29 02:55:44.124+0000 INFO  [o.n.k.i.DiagnosticsManager] Memory Pool: Metaspace (Non-heap memory): committed=10.50 MB, used=9.97 MB, max=-1.00 B, threshold=0.00 B
2017-04-29 02:55:44.124+0000 INFO  [o.n.k.i.DiagnosticsManager] Memory Pool: Compressed Class Space (Non-heap memory): committed=1.50 MB, used=1.29 MB, max=1.00 GB, threshold=0.00 B
2017-04-29 02:55:44.125+0000 INFO  [o.n.k.i.DiagnosticsManager] Memory Pool: PS Eden Space (Heap memory): committed=15.50 MB, used=1.88 MB, max=325.50 MB, threshold=?
2017-04-29 02:55:44.125+0000 INFO  [o.n.k.i.DiagnosticsManager] Memory Pool: PS Survivor Space (Heap memory): committed=2.50 MB, used=2.49 MB, max=2.50 MB, threshold=?
2017-04-29 02:55:44.126+0000 INFO  [o.n.k.i.DiagnosticsManager] Memory Pool: PS Old Gen (Heap memory): committed=41.50 MB, used=13.59 MB, max=661.50 MB, threshold=0.00 B
2017-04-29 02:55:44.126+0000 INFO  [o.n.k.i.DiagnosticsManager] Operating system information:
2017-04-29 02:55:44.126+0000 INFO  [o.n.k.i.DiagnosticsManager] Operating System: Windows 7; version: 6.1; arch: amd64; cpus: 4
2017-04-29 02:55:44.142+0000 INFO  [o.n.k.i.DiagnosticsManager] Process id: 13104@PC201310051628
2017-04-29 02:55:44.142+0000 INFO  [o.n.k.i.DiagnosticsManager] Byte order: LITTLE_ENDIAN
2017-04-29 02:55:44.143+0000 INFO  [o.n.k.i.DiagnosticsManager] Local timezone: Asia/Shanghai
2017-04-29 02:55:44.143+0000 INFO  [o.n.k.i.DiagnosticsManager] JVM information:
2017-04-29 02:55:44.143+0000 INFO  [o.n.k.i.DiagnosticsManager] VM Name: Java HotSpot(TM) 64-Bit Server VM
2017-04-29 02:55:44.143+0000 INFO  [o.n.k.i.DiagnosticsManager] VM Vendor: Oracle Corporation
2017-04-29 02:55:44.143+0000 INFO  [o.n.k.i.DiagnosticsManager] VM Version: 25.111-b14
2017-04-29 02:55:44.143+0000 INFO  [o.n.k.i.DiagnosticsManager] JIT compiler: HotSpot 64-Bit Tiered Compilers
2017-04-29 02:55:44.144+0000 INFO  [o.n.k.i.DiagnosticsManager] VM Arguments: [-Dfile.encoding=GBK]
2017-04-29 02:55:44.144+0000 INFO  [o.n.k.i.DiagnosticsManager] Java classpath:
2017-04-29 02:55:44.148+0000 INFO  [o.n.k.i.DiagnosticsManager]  [classpath + loader.0] file:/F:/ProgramFiles/eclipse/jar/libss/jetty-io-9.2.9.v20150224.jar
2017-04-29 02:55:44.149+0000 INFO  [o.n.k.i.DiagnosticsManager]  [classpath + loader.0] file:/F:/ProgramFiles/eclipse/jar/libss/jetty-webapp-9.2.9.v20150224.jar
2017-04-29 02:55:44.149+0000 INFO  [o.n.k.i.DiagnosticsManager]  [classpath + loader.0] file:/F:/ProgramFiles/eclipse/jar/libss/asm-5.0.4.jar
2017-04-29 02:55:44.149+0000 INFO  [o.n.k.i.DiagnosticsManager]  [loader.1] file:/C:/Program%20Files/Java/jdk1.8.0_111/jre/lib/ext/sunpkcs11.jar
2017-04-29 02:55:44.149+0000 INFO  [o.n.k.i.DiagnosticsManager]  [classpath + loader.0] file:/F:/ProgramFiles/eclipse/jar/libss/jersey-server-1.19.jar
2017-04-29 02:55:44.149+0000 INFO  [o.n.k.i.DiagnosticsManager]  [classpath + loader.0] file:/F:/ProgramFiles/eclipse/jar/libss/jsr311-api-1.1.2.r612.jar
2017-04-29 02:55:44.149+0000 INFO  [o.n.k.i.DiagnosticsManager]  [classpath + loader.0] file:/F:/ProgramFiles/eclipse/jar/libss/concurrentlinkedhashmap-lru-1.4.2.jar
2017-04-29 02:55:44.149+0000 INFO  [o.n.k.i.DiagnosticsManager]  [classpath + loader.0] file:/F:/ProgramFiles/eclipse/jar/libss/lucene-analyzers-common-5.5.0.jar
2017-04-29 02:55:44.149+0000 INFO  [o.n.k.i.DiagnosticsManager]  [bootstrap] C:\Program Files\Java\jdk1.8.0_111\jre\lib\sunrsasign.jar
2017-04-29 02:55:44.149+0000 INFO  [o.n.k.i.DiagnosticsManager]  [classpath + loader.0] file:/F:/ProgramFiles/eclipse/jar/libss/neo4j-import-tool-3.1.2.jar
2017-04-29 02:55:44.149+0000 INFO  [o.n.k.i.DiagnosticsManager]  [classpath + loader.0] file:/F:/ProgramFiles/eclipse/jar/libss/neo4j-codegen-3.1.2.jar
2017-04-29 02:55:44.149+0000 INFO  [o.n.k.i.DiagnosticsManager]  [classpath + loader.0] file:/F:/ProgramFiles/eclipse/jar/libss/rhino-1.7R4.jar
2017-04-29 02:55:44.149+0000 INFO  [o.n.k.i.DiagnosticsManager]  [classpath + loader.0] file:/F:/ProgramFiles/eclipse/jar/libss/commons-lang-2.6.jar
2017-04-29 02:55:44.149+0000 INFO  [o.n.k.i.DiagnosticsManager]  [loader.1] file:/C:/Program%20Files/Java/jdk1.8.0_111/jre/lib/ext/sunec.jar
2017-04-29 02:55:44.149+0000 INFO  [o.n.k.i.DiagnosticsManager]  [classpath + loader.0] file:/F:/ProgramFiles/eclipse/jar/libss/neo4j-resource-3.1.2.jar
2017-04-29 02:55:44.149+0000 INFO  [o.n.k.i.DiagnosticsManager]  [classpath + loader.0] file:/F:/ProgramFiles/eclipse/jar/libss/jersey-servlet-1.19.jar
2017-04-29 02:55:44.149+0000 INFO  [o.n.k.i.DiagnosticsManager]  [loader.1] file:/C:/Program%20Files/Java/jdk1.8.0_111/jre/lib/ext/sunjce_provider.jar
2017-04-29 02:55:44.149+0000 INFO  [o.n.k.i.DiagnosticsManager]  [classpath + loader.0] file:/F:/ProgramFiles/eclipse/jar/libss/jetty-http-9.2.9.v20150224.jar
2017-04-29 02:55:44.150+0000 INFO  [o.n.k.i.DiagnosticsManager]  [classpath + loader.0] file:/F:/ProgramFiles/eclipse/jar/libss/neo4j-graph-matching-3.1.2.jar
2017-04-29 02:55:44.150+0000 INFO  [o.n.k.i.DiagnosticsManager]  [classpath + loader.0] file:/F:/ProgramFiles/eclipse/jar/libss/jetty-servlet-9.2.9.v20150224.jar
2017-04-29 02:55:44.150+0000 INFO  [o.n.k.i.DiagnosticsManager]  [loader.1] file:/C:/Program%20Files/Java/jdk1.8.0_111/jre/lib/ext/sunmscapi.jar
2017-04-29 02:55:44.150+0000 INFO  [o.n.k.i.DiagnosticsManager]  [classpath + loader.0] file:/F:/ProgramFiles/eclipse/jar/libss/neo4j-bolt-3.1.2.jar
2017-04-29 02:55:44.150+0000 INFO  [o.n.k.i.DiagnosticsManager]  [loader.1] file:/C:/Program%20Files/Java/jdk1.8.0_111/jre/lib/ext/nashorn.jar
2017-04-29 02:55:44.150+0000 INFO  [o.n.k.i.DiagnosticsManager]  [classpath + loader.0] file:/F:/ProgramFiles/eclipse/jar/libss/commons-io-2.4.jar
2017-04-29 02:55:44.150+0000 INFO  [o.n.k.i.DiagnosticsManager]  [classpath + loader.0] file:/F:/ProgramFiles/eclipse/jar/libss/lucene-core-5.5.0.jar
2017-04-29 02:55:44.150+0000 INFO  [o.n.k.i.DiagnosticsManager]  [classpath + loader.0] file:/F:/ProgramFiles/eclipse/jar/libss/javax.servlet-api-3.1.0.jar
2017-04-29 02:55:44.150+0000 INFO  [o.n.k.i.DiagnosticsManager]  [bootstrap] C:\Program Files\Java\jdk1.8.0_111\jre\lib\jsse.jar
2017-04-29 02:55:44.150+0000 INFO  [o.n.k.i.DiagnosticsManager]  [loader.1] file:/C:/Program%20Files/Java/jdk1.8.0_111/jre/lib/ext/access-bridge-64.jar
2017-04-29 02:55:44.150+0000 INFO  [o.n.k.i.DiagnosticsManager]  [bootstrap] C:\Program Files\Java\jdk1.8.0_111\jre\lib\resources.jar
2017-04-29 02:55:44.150+0000 INFO  [o.n.k.i.DiagnosticsManager]  [classpath + loader.0] file:/F:/ProgramFiles/eclipse/jar/libss/jetty-server-9.2.9.v20150224.jar
2017-04-29 02:55:44.150+0000 INFO  [o.n.k.i.DiagnosticsManager]  [classpath + loader.0] file:/F:/ProgramFiles/eclipse/jar/libss/scala-reflect-2.11.8.jar
2017-04-29 02:55:44.150+0000 INFO  [o.n.k.i.DiagnosticsManager]  [classpath + loader.0] file:/F:/ProgramFiles/eclipse/jar/libss/parboiled-scala_2.11-1.1.7.jar
2017-04-29 02:55:44.151+0000 INFO  [o.n.k.i.DiagnosticsManager]  [classpath + loader.0] file:/F:/ProgramFiles/eclipse/jar/libss/commons-beanutils-1.8.3.jar
2017-04-29 02:55:44.151+0000 INFO  [o.n.k.i.DiagnosticsManager]  [classpath + loader.0] file:/F:/ProgramFiles/eclipse/jar/libss/neo4j-graph-algo-3.1.2.jar
2017-04-29 02:55:44.151+0000 INFO  [o.n.k.i.DiagnosticsManager]  [classpath + loader.0] file:/F:/ProgramFiles/eclipse/jar/libss/neo4j-unsafe-3.1.2.jar
2017-04-29 02:55:44.151+0000 INFO  [o.n.k.i.DiagnosticsManager]  [classpath + loader.0] file:/F:/ProgramFiles/eclipse/jar/libss/bcpkix-jdk15on-1.53.jar
2017-04-29 02:55:44.151+0000 INFO  [o.n.k.i.DiagnosticsManager]  [classpath + loader.0] file:/F:/ProgramFiles/eclipse/jar/libss/scala-library-2.11.8.jar
2017-04-29 02:55:44.151+0000 INFO  [o.n.k.i.DiagnosticsManager]  [classpath + loader.0] file:/F:/ProgramFiles/eclipse/workspace/neo4j/bin/
2017-04-29 02:55:44.151+0000 INFO  [o.n.k.i.DiagnosticsManager]  [loader.1] file:/C:/Program%20Files/Java/jdk1.8.0_111/jre/lib/ext/zipfs.jar
2017-04-29 02:55:44.151+0000 INFO  [o.n.k.i.DiagnosticsManager]  [bootstrap] C:\Program Files\Java\jdk1.8.0_111\jre\lib\rt.jar
2017-04-29 02:55:44.151+0000 INFO  [o.n.k.i.DiagnosticsManager]  [classpath + loader.0] file:/F:/ProgramFiles/eclipse/jar/libss/jetty-util-9.2.9.v20150224.jar
2017-04-29 02:55:44.151+0000 INFO  [o.n.k.i.DiagnosticsManager]  [bootstrap] C:\Program Files\Java\jdk1.8.0_111\jre\lib\jce.jar
2017-04-29 02:55:44.151+0000 INFO  [o.n.k.i.DiagnosticsManager]  [classpath + loader.0] file:/F:/ProgramFiles/eclipse/jar/libss/neo4j-cypher-frontend-3.0-3.0.8.jar
2017-04-29 02:55:44.151+0000 INFO  [o.n.k.i.DiagnosticsManager]  [classpath + loader.0] file:/F:/ProgramFiles/eclipse/jar/libss/neo4j-csv-3.1.2.jar
2017-04-29 02:55:44.151+0000 INFO  [o.n.k.i.DiagnosticsManager]  [classpath + loader.0] file:/F:/ProgramFiles/eclipse/jar/libss/jersey-multipart-1.19.jar
2017-04-29 02:55:44.151+0000 INFO  [o.n.k.i.DiagnosticsManager]  [classpath + loader.0] file:/F:/ProgramFiles/eclipse/jar/libss/neo4j-lucene-index-3.1.2.jar
2017-04-29 02:55:44.151+0000 INFO  [o.n.k.i.DiagnosticsManager]  [classpath + loader.0] file:/F:/ProgramFiles/eclipse/jar/libss/neo4j-jmx-3.1.2.jar
2017-04-29 02:55:44.151+0000 INFO  [o.n.k.i.DiagnosticsManager]  [classpath + loader.0] file:/F:/ProgramFiles/eclipse/jar/libss/neo4j-collections-3.1.2.jar
2017-04-29 02:55:44.151+0000 INFO  [o.n.k.i.DiagnosticsManager]  [classpath + loader.0] file:/F:/ProgramFiles/eclipse/jar/libss/neo4j-cypher-compiler-3.0-3.0.8.jar
2017-04-29 02:55:44.151+0000 INFO  [o.n.k.i.DiagnosticsManager]  [classpath + loader.0] file:/F:/ProgramFiles/eclipse/jar/libss/neo4j-kernel-3.1.2.jar
2017-04-29 02:55:44.151+0000 INFO  [o.n.k.i.DiagnosticsManager]  [classpath + loader.0] file:/F:/ProgramFiles/eclipse/jar/libss/server-api-3.1.2.jar
2017-04-29 02:55:44.152+0000 INFO  [o.n.k.i.DiagnosticsManager]  [classpath + loader.0] file:/F:/ProgramFiles/eclipse/jar/libss/neo4j-common-3.1.2.jar
2017-04-29 02:55:44.152+0000 INFO  [o.n.k.i.DiagnosticsManager]  [loader.1] file:/C:/Program%20Files/Java/jdk1.8.0_111/jre/lib/ext/dnsns.jar
2017-04-29 02:55:44.152+0000 INFO  [o.n.k.i.DiagnosticsManager]  [classpath + loader.0] file:/F:/ProgramFiles/eclipse/jar/libss/commons-digester-2.1.jar
2017-04-29 02:55:44.152+0000 INFO  [o.n.k.i.DiagnosticsManager]  [classpath + loader.0] file:/F:/ProgramFiles/eclipse/jar/libss/lucene-queryparser-5.5.0.jar
2017-04-29 02:55:44.152+0000 INFO  [o.n.k.i.DiagnosticsManager]  [classpath + loader.0] file:/F:/ProgramFiles/eclipse/jar/libss/opencsv-2.3.jar
2017-04-29 02:55:44.152+0000 INFO  [o.n.k.i.DiagnosticsManager]  [loader.1] file:/C:/Program%20Files/Java/jdk1.8.0_111/jre/lib/ext/jaccess.jar
2017-04-29 02:55:44.152+0000 INFO  [o.n.k.i.DiagnosticsManager]  [classpath + loader.0] file:/F:/ProgramFiles/eclipse/jar/libss/commons-configuration-1.10.jar
2017-04-29 02:55:44.152+0000 INFO  [o.n.k.i.DiagnosticsManager]  [classpath + loader.0] file:/F:/ProgramFiles/eclipse/jar/libss/lucene-codecs-5.5.0.jar
2017-04-29 02:55:44.152+0000 INFO  [o.n.k.i.DiagnosticsManager]  [classpath + loader.0] file:/F:/ProgramFiles/eclipse/jar/libss/neo4j-dbms-3.1.2.jar
2017-04-29 02:55:44.152+0000 INFO  [o.n.k.i.DiagnosticsManager]  [loader.1] file:/C:/Program%20Files/Java/jdk1.8.0_111/jre/lib/ext/localedata.jar
2017-04-29 02:55:44.152+0000 INFO  [o.n.k.i.DiagnosticsManager]  [classpath + loader.0] file:/F:/ProgramFiles/eclipse/jar/libss/neo4j-cypher-compiler-2.3-2.3.9.jar
2017-04-29 02:55:44.152+0000 INFO  [o.n.k.i.DiagnosticsManager]  [classpath + loader.0] file:/F:/ProgramFiles/eclipse/jar/libss/neo4j-udc-3.1.2.jar
2017-04-29 02:55:44.152+0000 INFO  [o.n.k.i.DiagnosticsManager]  [classpath + loader.0] file:/F:/ProgramFiles/eclipse/jar/libss/neo4j-command-line-3.1.2.jar
2017-04-29 02:55:44.152+0000 INFO  [o.n.k.i.DiagnosticsManager]  [classpath + loader.0] file:/F:/ProgramFiles/eclipse/jar/libss/neo4j-shell-3.1.2.jar
2017-04-29 02:55:44.152+0000 INFO  [o.n.k.i.DiagnosticsManager]  [classpath + loader.0] file:/F:/ProgramFiles/eclipse/jar/libss/neo4j-browser-2.0.0-M10.jar
2017-04-29 02:55:44.152+0000 INFO  [o.n.k.i.DiagnosticsManager]  [classpath + loader.0] file:/F:/ProgramFiles/eclipse/jar/libss/neo4j-security-3.1.2.jar
2017-04-29 02:55:44.152+0000 INFO  [o.n.k.i.DiagnosticsManager]  [bootstrap] C:\Program Files\Java\jdk1.8.0_111\jre\lib\jfr.jar
2017-04-29 02:55:44.152+0000 INFO  [o.n.k.i.DiagnosticsManager]  [loader.1] file:/C:/Program%20Files/Java/jdk1.8.0_111/jre/lib/ext/cldrdata.jar
2017-04-29 02:55:44.153+0000 INFO  [o.n.k.i.DiagnosticsManager]  [classpath + loader.0] file:/F:/ProgramFiles/eclipse/jar/libss/caffeine-2.3.3.jar
2017-04-29 02:55:44.153+0000 INFO  [o.n.k.i.DiagnosticsManager]  [classpath + loader.0] file:/F:/ProgramFiles/eclipse/jar/libss/commons-compress-1.12.jar
2017-04-29 02:55:44.153+0000 INFO  [o.n.k.i.DiagnosticsManager]  [classpath + loader.0] file:/F:/ProgramFiles/eclipse/jar/libss/netty-all-4.1.8.Final.jar
2017-04-29 02:55:44.153+0000 INFO  [o.n.k.i.DiagnosticsManager]  [classpath + loader.0] file:/F:/ProgramFiles/eclipse/jar/libss/neo4j-cypher-compiler-3.1-3.1.2.jar
2017-04-29 02:55:44.153+0000 INFO  [o.n.k.i.DiagnosticsManager]  [classpath + loader.0] file:/F:/ProgramFiles/eclipse/jar/libss/jersey-core-1.19.jar
2017-04-29 02:55:44.153+0000 INFO  [o.n.k.i.DiagnosticsManager]  [classpath + loader.0] file:/F:/ProgramFiles/eclipse/jar/libss/jline-2.12.jar
2017-04-29 02:55:44.153+0000 INFO  [o.n.k.i.DiagnosticsManager]  [classpath + loader.0] file:/F:/ProgramFiles/eclipse/jar/libss/bcprov-jdk15on-1.53.jar
2017-04-29 02:55:44.153+0000 INFO  [o.n.k.i.DiagnosticsManager]  [classpath + loader.0] file:/F:/ProgramFiles/eclipse/jar/libss/jackson-jaxrs-1.9.13.jar
2017-04-29 02:55:44.153+0000 INFO  [o.n.k.i.DiagnosticsManager]  [classpath + loader.0] file:/F:/ProgramFiles/eclipse/jar/libss/neo4j-cypher-frontend-2.3-2.3.9.jar
2017-04-29 02:55:44.153+0000 INFO  [o.n.k.i.DiagnosticsManager]  [loader.1] file:/C:/Program%20Files/Java/jdk1.8.0_111/jre/lib/ext/jfxrt.jar
2017-04-29 02:55:44.154+0000 INFO  [o.n.k.i.DiagnosticsManager]  [classpath + loader.0] file:/F:/ProgramFiles/eclipse/jar/libss/neo4j-graphdb-api-3.1.2.jar
2017-04-29 02:55:44.154+0000 INFO  [o.n.k.i.DiagnosticsManager]  [classpath + loader.0] file:/F:/ProgramFiles/eclipse/jar/libss/neo4j-consistency-check-3.1.2.jar
2017-04-29 02:55:44.154+0000 INFO  [o.n.k.i.DiagnosticsManager]  [classpath + loader.0] file:/F:/ProgramFiles/eclipse/jar/libss/parboiled-core-1.1.7.jar
2017-04-29 02:55:44.154+0000 INFO  [o.n.k.i.DiagnosticsManager]  [classpath + loader.0] file:/F:/ProgramFiles/eclipse/jar/libss/jetty-security-9.2.9.v20150224.jar
2017-04-29 02:55:44.154+0000 INFO  [o.n.k.i.DiagnosticsManager]  [classpath + loader.0] file:/F:/ProgramFiles/eclipse/jar/libss/neo4j-logging-3.1.2.jar
2017-04-29 02:55:44.154+0000 INFO  [o.n.k.i.DiagnosticsManager]  [classpath + loader.0] file:/F:/ProgramFiles/eclipse/jar/libss/mimepull-1.9.3.jar
2017-04-29 02:55:44.154+0000 INFO  [o.n.k.i.DiagnosticsManager]  [classpath + loader.0] file:/F:/ProgramFiles/eclipse/jar/libss/commons-logging-1.1.1.jar
2017-04-29 02:55:44.154+0000 INFO  [o.n.k.i.DiagnosticsManager]  [classpath + loader.0] file:/F:/ProgramFiles/eclipse/jar/libss/neo4j-lucene-upgrade-3.1.2.jar
2017-04-29 02:55:44.154+0000 INFO  [o.n.k.i.DiagnosticsManager]  [classpath + loader.0] file:/F:/ProgramFiles/eclipse/jar/libss/neo4j-cypher-frontend-3.1-3.1.2.jar
2017-04-29 02:55:44.154+0000 INFO  [o.n.k.i.DiagnosticsManager]  [classpath + loader.0] file:/F:/ProgramFiles/eclipse/jar/libss/neo4j-io-3.1.2.jar
2017-04-29 02:55:44.154+0000 INFO  [o.n.k.i.DiagnosticsManager]  [classpath + loader.0] file:/F:/ProgramFiles/eclipse/jar/libss/neo4j-primitive-collections-3.1.2.jar
2017-04-29 02:55:44.154+0000 INFO  [o.n.k.i.DiagnosticsManager]  [classpath + loader.0] file:/F:/ProgramFiles/eclipse/jar/libss/jetty-xml-9.2.9.v20150224.jar
2017-04-29 02:55:44.154+0000 INFO  [o.n.k.i.DiagnosticsManager]  [classpath + loader.0] file:/F:/ProgramFiles/eclipse/jar/libss/neo4j-server-3.1.2.jar
2017-04-29 02:55:44.154+0000 INFO  [o.n.k.i.DiagnosticsManager]  [classpath + loader.0] file:/F:/ProgramFiles/eclipse/jar/libss/jackson-mapper-asl-1.9.13.jar
2017-04-29 02:55:44.154+0000 INFO  [o.n.k.i.DiagnosticsManager]  [classpath + loader.0] file:/F:/ProgramFiles/eclipse/jar/libss/jackson-core-asl-1.9.13.jar
2017-04-29 02:55:44.154+0000 INFO  [o.n.k.i.DiagnosticsManager]  [bootstrap] C:\Program Files\Java\jdk1.8.0_111\jre\lib\charsets.jar
2017-04-29 02:55:44.154+0000 INFO  [o.n.k.i.DiagnosticsManager]  [bootstrap] C:\Program Files\Java\jdk1.8.0_111\jre\classes
2017-04-29 02:55:44.154+0000 INFO  [o.n.k.i.DiagnosticsManager]  [classpath + loader.0] file:/F:/ProgramFiles/eclipse/jar/libss/commons-lang3-3.3.2.jar
2017-04-29 02:55:44.154+0000 INFO  [o.n.k.i.DiagnosticsManager]  [classpath + loader.0] file:/F:/ProgramFiles/eclipse/jar/libss/neo4j-cypher-3.1.2.jar
2017-04-29 02:55:44.155+0000 INFO  [o.n.k.i.DiagnosticsManager] Library path:
2017-04-29 02:55:44.155+0000 INFO  [o.n.k.i.DiagnosticsManager] C:\Program Files\Java\jdk1.8.0_111\bin
2017-04-29 02:55:44.155+0000 INFO  [o.n.k.i.DiagnosticsManager] C:\Windows\Sun\Java\bin
2017-04-29 02:55:44.156+0000 INFO  [o.n.k.i.DiagnosticsManager] C:\Windows\System32
2017-04-29 02:55:44.156+0000 INFO  [o.n.k.i.DiagnosticsManager] C:\Windows
2017-04-29 02:55:44.157+0000 INFO  [o.n.k.i.DiagnosticsManager] C:\Program Files\Java\jdk1.8.0_111\jre\bin\server
2017-04-29 02:55:44.157+0000 INFO  [o.n.k.i.DiagnosticsManager] C:\Program Files\Java\jdk1.8.0_111\jre\bin
2017-04-29 02:55:44.158+0000 INFO  [o.n.k.i.DiagnosticsManager] C:\Program Files\Java\jdk1.8.0_111\jre\lib\amd64
2017-04-29 02:55:44.158+0000 INFO  [o.n.k.i.DiagnosticsManager] F:\ProgramFiles\eclipse\workspace\neo4j\%JAVA_HOME%\bin
2017-04-29 02:55:44.158+0000 INFO  [o.n.k.i.DiagnosticsManager] F:\ProgramFiles\eclipse\workspace\neo4j\%JAVA_HOME%\jre\bin
2017-04-29 02:55:44.159+0000 INFO  [o.n.k.i.DiagnosticsManager] C:\Program Files (x86)\AMD APP\bin\x86_64
2017-04-29 02:55:44.160+0000 INFO  [o.n.k.i.DiagnosticsManager] C:\Program Files (x86)\AMD APP\bin\x86
2017-04-29 02:55:44.160+0000 INFO  [o.n.k.i.DiagnosticsManager] C:\Windows\System32
2017-04-29 02:55:44.160+0000 INFO  [o.n.k.i.DiagnosticsManager] C:\Windows
2017-04-29 02:55:44.160+0000 INFO  [o.n.k.i.DiagnosticsManager] C:\Windows\System32\wbem
2017-04-29 02:55:44.161+0000 INFO  [o.n.k.i.DiagnosticsManager] C:\Windows\System32\WindowsPowerShell\v1.0
2017-04-29 02:55:44.161+0000 INFO  [o.n.k.i.DiagnosticsManager] C:\Program Files (x86)\ATI Technologies\ATI.ACE\Core-Static
2017-04-29 02:55:44.162+0000 INFO  [o.n.k.i.DiagnosticsManager] F:\ProgramFiles\Maven\apache-maven-3.3.9-bin\apache-maven-3.3.9\bin
2017-04-29 02:55:44.162+0000 INFO  [o.n.k.i.DiagnosticsManager] C:\Program Files\Java\jdk1.8.0_111\bin
2017-04-29 02:55:44.162+0000 INFO  [o.n.k.i.DiagnosticsManager] C:\Program Files\Java\jdk1.8.0_111\jre\bin
2017-04-29 02:55:44.163+0000 INFO  [o.n.k.i.DiagnosticsManager] F:\ProgramFiles\eclipse\workspace\neo4j
2017-04-29 02:55:44.163+0000 INFO  [o.n.k.i.DiagnosticsManager] C:\Windows\System32
2017-04-29 02:55:44.163+0000 INFO  [o.n.k.i.DiagnosticsManager] F:\ProgramFiles\eclipse\workspace\neo4j
2017-04-29 02:55:44.163+0000 INFO  [o.n.k.i.DiagnosticsManager] F:\ProgramFiles\eclipse\workspace\neo4j
2017-04-29 02:55:44.163+0000 INFO  [o.n.k.i.DiagnosticsManager] System.properties:
2017-04-29 02:55:44.164+0000 INFO  [o.n.k.i.DiagnosticsManager] sun.boot.library.path = C:\Program Files\Java\jdk1.8.0_111\jre\bin
2017-04-29 02:55:44.164+0000 INFO  [o.n.k.i.DiagnosticsManager] path.separator = ;
2017-04-29 02:55:44.164+0000 INFO  [o.n.k.i.DiagnosticsManager] file.encoding.pkg = sun.io
2017-04-29 02:55:44.164+0000 INFO  [o.n.k.i.DiagnosticsManager] user.country = CN
2017-04-29 02:55:44.164+0000 INFO  [o.n.k.i.DiagnosticsManager] user.script = 
2017-04-29 02:55:44.164+0000 INFO  [o.n.k.i.DiagnosticsManager] sun.java.launcher = SUN_STANDARD
2017-04-29 02:55:44.164+0000 INFO  [o.n.k.i.DiagnosticsManager] sun.os.patch.level = Service Pack 1
2017-04-29 02:55:44.164+0000 INFO  [o.n.k.i.DiagnosticsManager] user.dir = F:\ProgramFiles\eclipse\workspace\neo4j
2017-04-29 02:55:44.164+0000 INFO  [o.n.k.i.DiagnosticsManager] user.variant = 
2017-04-29 02:55:44.164+0000 INFO  [o.n.k.i.DiagnosticsManager] sun.jnu.encoding = GBK
2017-04-29 02:55:44.164+0000 INFO  [o.n.k.i.DiagnosticsManager] sun.management.compiler = HotSpot 64-Bit Tiered Compilers
2017-04-29 02:55:44.164+0000 INFO  [o.n.k.i.DiagnosticsManager] user.home = C:\Users\Administrator
2017-04-29 02:55:44.164+0000 INFO  [o.n.k.i.DiagnosticsManager] user.timezone = Asia/Shanghai
2017-04-29 02:55:44.164+0000 INFO  [o.n.k.i.DiagnosticsManager] file.encoding = GBK
2017-04-29 02:55:44.164+0000 INFO  [o.n.k.i.DiagnosticsManager] user.name = Administrator
2017-04-29 02:55:44.164+0000 INFO  [o.n.k.i.DiagnosticsManager] sun.java.command = org.easypoint.Neo
2017-04-29 02:55:44.164+0000 INFO  [o.n.k.i.DiagnosticsManager] sun.arch.data.model = 64
2017-04-29 02:55:44.164+0000 INFO  [o.n.k.i.DiagnosticsManager] user.language = zh
2017-04-29 02:55:44.164+0000 INFO  [o.n.k.i.DiagnosticsManager] awt.toolkit = sun.awt.windows.WToolkit
2017-04-29 02:55:44.165+0000 INFO  [o.n.k.i.DiagnosticsManager] file.separator = \
2017-04-29 02:55:44.165+0000 INFO  [o.n.k.i.DiagnosticsManager] sun.io.unicode.encoding = UnicodeLittle
2017-04-29 02:55:44.165+0000 INFO  [o.n.k.i.DiagnosticsManager] sun.cpu.endian = little
2017-04-29 02:55:44.165+0000 INFO  [o.n.k.i.DiagnosticsManager] sun.desktop = windows
2017-04-29 02:55:44.165+0000 INFO  [o.n.k.i.DiagnosticsManager] sun.cpu.isalist = amd64
2017-04-29 02:55:44.165+0000 INFO  [o.n.k.i.DiagnosticsManager] Network information:
2017-04-29 02:55:44.312+0000 INFO  [o.n.k.i.DiagnosticsManager] Interface Software Loopback Interface 1:
2017-04-29 02:55:44.312+0000 INFO  [o.n.k.i.DiagnosticsManager]     address: 127.0.0.1
2017-04-29 02:55:44.312+0000 INFO  [o.n.k.i.DiagnosticsManager]     address: 0:0:0:0:0:0:0:1
2017-04-29 02:55:44.312+0000 INFO  [o.n.k.i.DiagnosticsManager] Interface WAN Miniport (SSTP):
2017-04-29 02:55:44.312+0000 INFO  [o.n.k.i.DiagnosticsManager] Interface WAN Miniport (L2TP):
2017-04-29 02:55:44.312+0000 INFO  [o.n.k.i.DiagnosticsManager] Interface WAN Miniport (PPTP):
2017-04-29 02:55:44.312+0000 INFO  [o.n.k.i.DiagnosticsManager] Interface WAN Miniport (PPPOE):
2017-04-29 02:55:44.313+0000 INFO  [o.n.k.i.DiagnosticsManager] Interface WAN Miniport (IPv6):
2017-04-29 02:55:44.313+0000 INFO  [o.n.k.i.DiagnosticsManager] Interface WAN Miniport (Network Monitor):
2017-04-29 02:55:44.313+0000 INFO  [o.n.k.i.DiagnosticsManager] Interface WAN Miniport (IP):
2017-04-29 02:55:44.313+0000 INFO  [o.n.k.i.DiagnosticsManager] Interface RAS Async Adapter:
2017-04-29 02:55:44.313+0000 INFO  [o.n.k.i.DiagnosticsManager] Interface WAN Miniport (IKEv2):
2017-04-29 02:55:44.313+0000 INFO  [o.n.k.i.DiagnosticsManager] Interface Ralink RT3090 802.11n WiFi Adapter:
2017-04-29 02:55:44.313+0000 INFO  [o.n.k.i.DiagnosticsManager]     address: 192.168.191.1
2017-04-29 02:55:44.313+0000 INFO  [o.n.k.i.DiagnosticsManager]     address: fe80:0:0:0:9d8:f717:d95a:821e%wlan0
2017-04-29 02:55:44.313+0000 INFO  [o.n.k.i.DiagnosticsManager] Interface Realtek PCIe FE Family Controller:
2017-04-29 02:55:44.313+0000 INFO  [o.n.k.i.DiagnosticsManager]     address: 172.30.115.170
2017-04-29 02:55:44.313+0000 INFO  [o.n.k.i.DiagnosticsManager]     address: 2001:250:3c00:1198:c21:1f1:f2a2:416c
2017-04-29 02:55:44.313+0000 INFO  [o.n.k.i.DiagnosticsManager]     address: 2001:250:3c00:1198:b433:492e:7431:2568
2017-04-29 02:55:44.313+0000 INFO  [o.n.k.i.DiagnosticsManager]     address: fe80:0:0:0:c21:1f1:f2a2:416c%eth3
2017-04-29 02:55:44.314+0000 INFO  [o.n.k.i.DiagnosticsManager] Interface Microsoft Virtual WiFi Miniport Adapter:
2017-04-29 02:55:44.314+0000 INFO  [o.n.k.i.DiagnosticsManager] Interface Teredo Tunneling Pseudo-Interface:
2017-04-29 02:55:44.314+0000 INFO  [o.n.k.i.DiagnosticsManager]     address: 2001:0:9d38:953c:8b:1f0e:53e1:8c55
2017-04-29 02:55:44.314+0000 INFO  [o.n.k.i.DiagnosticsManager]     address: fe80:0:0:0:8b:1f0e:53e1:8c55%net4
2017-04-29 02:55:44.314+0000 INFO  [o.n.k.i.DiagnosticsManager] Interface Microsoft Virtual WiFi Miniport Adapter #2:
2017-04-29 02:55:44.314+0000 INFO  [o.n.k.i.DiagnosticsManager] Interface Microsoft Virtual WiFi Miniport Adapter #3:
2017-04-29 02:55:44.314+0000 INFO  [o.n.k.i.DiagnosticsManager] Interface Microsoft ISATAP Adapter:
2017-04-29 02:55:44.314+0000 INFO  [o.n.k.i.DiagnosticsManager]     address: fe80:0:0:0:0:5efe:ac1e:73aa%net5
2017-04-29 02:55:44.314+0000 INFO  [o.n.k.i.DiagnosticsManager] Interface Microsoft ISATAP Adapter #2:
2017-04-29 02:55:44.314+0000 INFO  [o.n.k.i.DiagnosticsManager]     address: fe80:0:0:0:0:5efe:c0a8:bf01%net6
2017-04-29 02:55:44.314+0000 INFO  [o.n.k.i.DiagnosticsManager] Interface Microsoft ISATAP Adapter #3:
2017-04-29 02:55:44.314+0000 INFO  [o.n.k.i.DiagnosticsManager] Interface Microsoft Virtual WiFi Miniport Adapter #4:
2017-04-29 02:55:44.315+0000 INFO  [o.n.k.i.DiagnosticsManager]     address: fe80:0:0:0:8050:e46d:3010:d884%wlan4
2017-04-29 02:55:44.315+0000 INFO  [o.n.k.i.DiagnosticsManager] Interface Realtek PCIe FE Family Controller-Liebao Wifi NAT Driver-0000:
2017-04-29 02:55:44.315+0000 INFO  [o.n.k.i.DiagnosticsManager] Interface Realtek PCIe FE Family Controller-QoS Packet Scheduler-0000:
2017-04-29 02:55:44.315+0000 INFO  [o.n.k.i.DiagnosticsManager] Interface Realtek PCIe FE Family Controller-WFP LightWeight Filter-0000:
2017-04-29 02:55:44.315+0000 INFO  [o.n.k.i.DiagnosticsManager] Interface Ralink RT3090 802.11n WiFi Adapter-Liebao Wifi NAT Driver-0000:
2017-04-29 02:55:44.315+0000 INFO  [o.n.k.i.DiagnosticsManager] Interface Ralink RT3090 802.11n WiFi Adapter-QoS Packet Scheduler-0000:
2017-04-29 02:55:44.315+0000 INFO  [o.n.k.i.DiagnosticsManager] Interface Ralink RT3090 802.11n WiFi Adapter-Virtual WiFi Filter Driver-0000:
2017-04-29 02:55:44.315+0000 INFO  [o.n.k.i.DiagnosticsManager] Interface WAN Miniport (Network Monitor)-Liebao Wifi NAT Driver-0000:
2017-04-29 02:55:44.315+0000 INFO  [o.n.k.i.DiagnosticsManager] Interface WAN Miniport (Network Monitor)-QoS Packet Scheduler-0000:
2017-04-29 02:55:44.315+0000 INFO  [o.n.k.i.DiagnosticsManager] Interface WAN Miniport (IP)-Liebao Wifi NAT Driver-0000:
2017-04-29 02:55:44.315+0000 INFO  [o.n.k.i.DiagnosticsManager] Interface WAN Miniport (IP)-QoS Packet Scheduler-0000:
2017-04-29 02:55:44.315+0000 INFO  [o.n.k.i.DiagnosticsManager] Interface WAN Miniport (IPv6)-Liebao Wifi NAT Driver-0000:
2017-04-29 02:55:44.315+0000 INFO  [o.n.k.i.DiagnosticsManager] Interface WAN Miniport (IPv6)-QoS Packet Scheduler-0000:
2017-04-29 02:55:44.315+0000 INFO  [o.n.k.i.DiagnosticsManager] Interface Ralink RT3090 802.11n WiFi Adapter-Native WiFi Filter Driver-0000:
2017-04-29 02:55:44.315+0000 INFO  [o.n.k.i.DiagnosticsManager] Interface Ralink RT3090 802.11n WiFi Adapter-WFP LightWeight Filter-0000:
2017-04-29 02:55:44.316+0000 INFO  [o.n.k.i.DiagnosticsManager] Interface Microsoft Virtual WiFi Miniport Adapter #4-Native WiFi Filter Driver-0000:
2017-04-29 02:55:44.316+0000 INFO  [o.n.k.i.DiagnosticsManager] Interface Microsoft Virtual WiFi Miniport Adapter #4-Liebao Wifi NAT Driver-0000:
2017-04-29 02:55:44.316+0000 INFO  [o.n.k.i.DiagnosticsManager] Interface Microsoft Virtual WiFi Miniport Adapter #4-QoS Packet Scheduler-0000:
2017-04-29 02:55:44.316+0000 INFO  [o.n.k.i.DiagnosticsManager] Interface Microsoft Virtual WiFi Miniport Adapter #4-WFP LightWeight Filter-0000:
2017-04-29 02:55:44.316+0000 INFO  [o.n.k.i.DiagnosticsManager] --- INITIALIZED diagnostics END ---
2017-04-29 02:55:44.518+0000 INFO  [o.n.k.i.s.f.RecordFormatSelector] Selected format 'RecordFormat:StandardV3_0[v0.A.7]' for the new store
2017-04-29 03:02:30.616+0000 WARN  [o.n.i.p.PageCache] The dbms.memory.pagecache.size setting has not been configured. It is recommended that this setting is always explicitly configured, to ensure the system has a balanced configuration. Until then, a computed heuristic value of 1616302080 bytes will be used instead. 
2017-04-29 03:02:30.702+0000 INFO  [o.n.k.i.f.CommunityEditionModule] No locking implementation specified, defaulting to 'community'
2017-04-29 03:02:30.871+0000 INFO  [o.n.k.AvailabilityGuard] Requirement makes database unavailable: Database available
2017-04-29 03:02:30.906+0000 INFO  [o.n.k.i.DiagnosticsManager] --- INITIALIZED diagnostics START ---
2017-04-29 03:02:30.906+0000 INFO  [o.n.k.i.DiagnosticsManager] Neo4j Kernel properties:
2017-04-29 03:02:30.907+0000 INFO  [o.n.k.i.DiagnosticsManager] unsupported.dbms.edition=community
2017-04-29 03:02:30.907+0000 INFO  [o.n.k.i.DiagnosticsManager] unsupported.dbms.directories.neo4j_home=F:\ProgramFiles\eclipse\workspace\neo4j\one
2017-04-29 03:02:30.907+0000 INFO  [o.n.k.i.DiagnosticsManager] unsupported.dbms.ephemeral=false
2017-04-29 03:02:30.907+0000 INFO  [o.n.k.i.DiagnosticsManager] Diagnostics providers:
2017-04-29 03:02:30.907+0000 INFO  [o.n.k.i.DiagnosticsManager] org.neo4j.kernel.configuration.Config
2017-04-29 03:02:30.907+0000 INFO  [o.n.k.i.DiagnosticsManager] org.neo4j.kernel.info.DiagnosticsManager
2017-04-29 03:02:30.907+0000 INFO  [o.n.k.i.DiagnosticsManager] SYSTEM_MEMORY
2017-04-29 03:02:30.907+0000 INFO  [o.n.k.i.DiagnosticsManager] JAVA_MEMORY
2017-04-29 03:02:30.907+0000 INFO  [o.n.k.i.DiagnosticsManager] OPERATING_SYSTEM
2017-04-29 03:02:30.907+0000 INFO  [o.n.k.i.DiagnosticsManager] JAVA_VIRTUAL_MACHINE
2017-04-29 03:02:30.908+0000 INFO  [o.n.k.i.DiagnosticsManager] CLASSPATH
2017-04-29 03:02:30.908+0000 INFO  [o.n.k.i.DiagnosticsManager] LIBRARY_PATH
2017-04-29 03:02:30.908+0000 INFO  [o.n.k.i.DiagnosticsManager] SYSTEM_PROPERTIES
2017-04-29 03:02:30.908+0000 INFO  [o.n.k.i.DiagnosticsManager] NETWORK
2017-04-29 03:02:30.908+0000 INFO  [o.n.k.i.DiagnosticsManager] System memory information:
2017-04-29 03:02:30.910+0000 INFO  [o.n.k.i.DiagnosticsManager] Total Physical memory: 3.87 GB
2017-04-29 03:02:30.910+0000 INFO  [o.n.k.i.DiagnosticsManager] Free Physical memory: 1.44 GB
2017-04-29 03:02:30.910+0000 INFO  [o.n.k.i.DiagnosticsManager] Committed virtual memory: 165.54 MB
2017-04-29 03:02:30.910+0000 INFO  [o.n.k.i.DiagnosticsManager] Total swap space: 7.74 GB
2017-04-29 03:02:30.911+0000 INFO  [o.n.k.i.DiagnosticsManager] Free swap space: 4.77 GB
2017-04-29 03:02:30.911+0000 INFO  [o.n.k.i.DiagnosticsManager] JVM memory information:
2017-04-29 03:02:30.912+0000 INFO  [o.n.k.i.DiagnosticsManager] Free  memory: 41.52 MB
2017-04-29 03:02:30.912+0000 INFO  [o.n.k.i.DiagnosticsManager] Total memory: 59.50 MB
2017-04-29 03:02:30.913+0000 INFO  [o.n.k.i.DiagnosticsManager] Max   memory: 882.00 MB
2017-04-29 03:02:30.914+0000 INFO  [o.n.k.i.DiagnosticsManager] Garbage Collector: PS Scavenge: [PS Eden Space, PS Survivor Space]
2017-04-29 03:02:30.914+0000 INFO  [o.n.k.i.DiagnosticsManager] Garbage Collector: PS MarkSweep: [PS Eden Space, PS Survivor Space, PS Old Gen]
2017-04-29 03:02:30.915+0000 INFO  [o.n.k.i.DiagnosticsManager] Memory Pool: Code Cache (Non-heap memory): committed=3.50 MB, used=3.49 MB, max=240.00 MB, threshold=0.00 B
2017-04-29 03:02:30.916+0000 INFO  [o.n.k.i.DiagnosticsManager] Memory Pool: Metaspace (Non-heap memory): committed=10.50 MB, used=10.00 MB, max=-1.00 B, threshold=0.00 B
2017-04-29 03:02:30.917+0000 INFO  [o.n.k.i.DiagnosticsManager] Memory Pool: Compressed Class Space (Non-heap memory): committed=1.50 MB, used=1.29 MB, max=1.00 GB, threshold=0.00 B
2017-04-29 03:02:30.917+0000 INFO  [o.n.k.i.DiagnosticsManager] Memory Pool: PS Eden Space (Heap memory): committed=15.50 MB, used=1.90 MB, max=325.50 MB, threshold=?
2017-04-29 03:02:30.917+0000 INFO  [o.n.k.i.DiagnosticsManager] Memory Pool: PS Survivor Space (Heap memory): committed=2.50 MB, used=2.49 MB, max=2.50 MB, threshold=?
2017-04-29 03:02:30.918+0000 INFO  [o.n.k.i.DiagnosticsManager] Memory Pool: PS Old Gen (Heap memory): committed=41.50 MB, used=13.58 MB, max=661.50 MB, threshold=0.00 B
2017-04-29 03:02:30.918+0000 INFO  [o.n.k.i.DiagnosticsManager] Operating system information:
2017-04-29 03:02:30.919+0000 INFO  [o.n.k.i.DiagnosticsManager] Operating System: Windows 7; version: 6.1; arch: amd64; cpus: 4
2017-04-29 03:02:30.934+0000 INFO  [o.n.k.i.DiagnosticsManager] Process id: 12588@PC201310051628
2017-04-29 03:02:30.934+0000 INFO  [o.n.k.i.DiagnosticsManager] Byte order: LITTLE_ENDIAN
2017-04-29 03:02:30.934+0000 INFO  [o.n.k.i.DiagnosticsManager] Local timezone: Asia/Shanghai
2017-04-29 03:02:30.934+0000 INFO  [o.n.k.i.DiagnosticsManager] JVM information:
2017-04-29 03:02:30.934+0000 INFO  [o.n.k.i.DiagnosticsManager] VM Name: Java HotSpot(TM) 64-Bit Server VM
2017-04-29 03:02:30.934+0000 INFO  [o.n.k.i.DiagnosticsManager] VM Vendor: Oracle Corporation
2017-04-29 03:02:30.934+0000 INFO  [o.n.k.i.DiagnosticsManager] VM Version: 25.111-b14
2017-04-29 03:02:30.935+0000 INFO  [o.n.k.i.DiagnosticsManager] JIT compiler: HotSpot 64-Bit Tiered Compilers
2017-04-29 03:02:30.935+0000 INFO  [o.n.k.i.DiagnosticsManager] VM Arguments: [-Dfile.encoding=GBK]
2017-04-29 03:02:30.935+0000 INFO  [o.n.k.i.DiagnosticsManager] Java classpath:
2017-04-29 03:02:30.939+0000 INFO  [o.n.k.i.DiagnosticsManager]  [classpath + loader.0] file:/F:/ProgramFiles/eclipse/jar/libss/jetty-io-9.2.9.v20150224.jar
2017-04-29 03:02:30.939+0000 INFO  [o.n.k.i.DiagnosticsManager]  [classpath + loader.0] file:/F:/ProgramFiles/eclipse/jar/libss/jetty-webapp-9.2.9.v20150224.jar
2017-04-29 03:02:30.939+0000 INFO  [o.n.k.i.DiagnosticsManager]  [classpath + loader.0] file:/F:/ProgramFiles/eclipse/jar/libss/asm-5.0.4.jar
2017-04-29 03:02:30.939+0000 INFO  [o.n.k.i.DiagnosticsManager]  [loader.1] file:/C:/Program%20Files/Java/jdk1.8.0_111/jre/lib/ext/sunpkcs11.jar
2017-04-29 03:02:30.939+0000 INFO  [o.n.k.i.DiagnosticsManager]  [classpath + loader.0] file:/F:/ProgramFiles/eclipse/jar/libss/jersey-server-1.19.jar
2017-04-29 03:02:30.939+0000 INFO  [o.n.k.i.DiagnosticsManager]  [classpath + loader.0] file:/F:/ProgramFiles/eclipse/jar/libss/jsr311-api-1.1.2.r612.jar
2017-04-29 03:02:30.939+0000 INFO  [o.n.k.i.DiagnosticsManager]  [classpath + loader.0] file:/F:/ProgramFiles/eclipse/jar/libss/concurrentlinkedhashmap-lru-1.4.2.jar
2017-04-29 03:02:30.939+0000 INFO  [o.n.k.i.DiagnosticsManager]  [classpath + loader.0] file:/F:/ProgramFiles/eclipse/jar/libss/lucene-analyzers-common-5.5.0.jar
2017-04-29 03:02:30.939+0000 INFO  [o.n.k.i.DiagnosticsManager]  [bootstrap] C:\Program Files\Java\jdk1.8.0_111\jre\lib\sunrsasign.jar
2017-04-29 03:02:30.939+0000 INFO  [o.n.k.i.DiagnosticsManager]  [classpath + loader.0] file:/F:/ProgramFiles/eclipse/jar/libss/neo4j-import-tool-3.1.2.jar
2017-04-29 03:02:30.939+0000 INFO  [o.n.k.i.DiagnosticsManager]  [classpath + loader.0] file:/F:/ProgramFiles/eclipse/jar/libss/neo4j-codegen-3.1.2.jar
2017-04-29 03:02:30.939+0000 INFO  [o.n.k.i.DiagnosticsManager]  [classpath + loader.0] file:/F:/ProgramFiles/eclipse/jar/libss/rhino-1.7R4.jar
2017-04-29 03:02:30.939+0000 INFO  [o.n.k.i.DiagnosticsManager]  [classpath + loader.0] file:/F:/ProgramFiles/eclipse/jar/libss/commons-lang-2.6.jar
2017-04-29 03:02:30.939+0000 INFO  [o.n.k.i.DiagnosticsManager]  [loader.1] file:/C:/Program%20Files/Java/jdk1.8.0_111/jre/lib/ext/sunec.jar
2017-04-29 03:02:30.939+0000 INFO  [o.n.k.i.DiagnosticsManager]  [classpath + loader.0] file:/F:/ProgramFiles/eclipse/jar/libss/neo4j-resource-3.1.2.jar
2017-04-29 03:02:30.939+0000 INFO  [o.n.k.i.DiagnosticsManager]  [classpath + loader.0] file:/F:/ProgramFiles/eclipse/jar/libss/jersey-servlet-1.19.jar
2017-04-29 03:02:30.939+0000 INFO  [o.n.k.i.DiagnosticsManager]  [loader.1] file:/C:/Program%20Files/Java/jdk1.8.0_111/jre/lib/ext/sunjce_provider.jar
2017-04-29 03:02:30.940+0000 INFO  [o.n.k.i.DiagnosticsManager]  [classpath + loader.0] file:/F:/ProgramFiles/eclipse/jar/libss/jetty-http-9.2.9.v20150224.jar
2017-04-29 03:02:30.940+0000 INFO  [o.n.k.i.DiagnosticsManager]  [classpath + loader.0] file:/F:/ProgramFiles/eclipse/jar/libss/neo4j-graph-matching-3.1.2.jar
2017-04-29 03:02:30.940+0000 INFO  [o.n.k.i.DiagnosticsManager]  [classpath + loader.0] file:/F:/ProgramFiles/eclipse/jar/libss/jetty-servlet-9.2.9.v20150224.jar
2017-04-29 03:02:30.940+0000 INFO  [o.n.k.i.DiagnosticsManager]  [loader.1] file:/C:/Program%20Files/Java/jdk1.8.0_111/jre/lib/ext/sunmscapi.jar
2017-04-29 03:02:30.940+0000 INFO  [o.n.k.i.DiagnosticsManager]  [classpath + loader.0] file:/F:/ProgramFiles/eclipse/jar/libss/neo4j-bolt-3.1.2.jar
2017-04-29 03:02:30.940+0000 INFO  [o.n.k.i.DiagnosticsManager]  [loader.1] file:/C:/Program%20Files/Java/jdk1.8.0_111/jre/lib/ext/nashorn.jar
2017-04-29 03:02:30.940+0000 INFO  [o.n.k.i.DiagnosticsManager]  [classpath + loader.0] file:/F:/ProgramFiles/eclipse/jar/libss/commons-io-2.4.jar
2017-04-29 03:02:30.940+0000 INFO  [o.n.k.i.DiagnosticsManager]  [classpath + loader.0] file:/F:/ProgramFiles/eclipse/jar/libss/lucene-core-5.5.0.jar
2017-04-29 03:02:30.940+0000 INFO  [o.n.k.i.DiagnosticsManager]  [classpath + loader.0] file:/F:/ProgramFiles/eclipse/jar/libss/javax.servlet-api-3.1.0.jar
2017-04-29 03:02:30.940+0000 INFO  [o.n.k.i.DiagnosticsManager]  [bootstrap] C:\Program Files\Java\jdk1.8.0_111\jre\lib\jsse.jar
2017-04-29 03:02:30.941+0000 INFO  [o.n.k.i.DiagnosticsManager]  [loader.1] file:/C:/Program%20Files/Java/jdk1.8.0_111/jre/lib/ext/access-bridge-64.jar
2017-04-29 03:02:30.941+0000 INFO  [o.n.k.i.DiagnosticsManager]  [bootstrap] C:\Program Files\Java\jdk1.8.0_111\jre\lib\resources.jar
2017-04-29 03:02:30.941+0000 INFO  [o.n.k.i.DiagnosticsManager]  [classpath + loader.0] file:/F:/ProgramFiles/eclipse/jar/libss/jetty-server-9.2.9.v20150224.jar
2017-04-29 03:02:30.941+0000 INFO  [o.n.k.i.DiagnosticsManager]  [classpath + loader.0] file:/F:/ProgramFiles/eclipse/jar/libss/scala-reflect-2.11.8.jar
2017-04-29 03:02:30.941+0000 INFO  [o.n.k.i.DiagnosticsManager]  [classpath + loader.0] file:/F:/ProgramFiles/eclipse/jar/libss/parboiled-scala_2.11-1.1.7.jar
2017-04-29 03:02:30.941+0000 INFO  [o.n.k.i.DiagnosticsManager]  [classpath + loader.0] file:/F:/ProgramFiles/eclipse/jar/libss/commons-beanutils-1.8.3.jar
2017-04-29 03:02:30.941+0000 INFO  [o.n.k.i.DiagnosticsManager]  [classpath + loader.0] file:/F:/ProgramFiles/eclipse/jar/libss/neo4j-graph-algo-3.1.2.jar
2017-04-29 03:02:30.941+0000 INFO  [o.n.k.i.DiagnosticsManager]  [classpath + loader.0] file:/F:/ProgramFiles/eclipse/jar/libss/neo4j-unsafe-3.1.2.jar
2017-04-29 03:02:30.941+0000 INFO  [o.n.k.i.DiagnosticsManager]  [classpath + loader.0] file:/F:/ProgramFiles/eclipse/jar/libss/bcpkix-jdk15on-1.53.jar
2017-04-29 03:02:30.941+0000 INFO  [o.n.k.i.DiagnosticsManager]  [classpath + loader.0] file:/F:/ProgramFiles/eclipse/jar/libss/scala-library-2.11.8.jar
2017-04-29 03:02:30.941+0000 INFO  [o.n.k.i.DiagnosticsManager]  [classpath + loader.0] file:/F:/ProgramFiles/eclipse/workspace/neo4j/bin/
2017-04-29 03:02:30.941+0000 INFO  [o.n.k.i.DiagnosticsManager]  [loader.1] file:/C:/Program%20Files/Java/jdk1.8.0_111/jre/lib/ext/zipfs.jar
2017-04-29 03:02:30.941+0000 INFO  [o.n.k.i.DiagnosticsManager]  [bootstrap] C:\Program Files\Java\jdk1.8.0_111\jre\lib\rt.jar
2017-04-29 03:02:30.941+0000 INFO  [o.n.k.i.DiagnosticsManager]  [classpath + loader.0] file:/F:/ProgramFiles/eclipse/jar/libss/jetty-util-9.2.9.v20150224.jar
2017-04-29 03:02:30.942+0000 INFO  [o.n.k.i.DiagnosticsManager]  [bootstrap] C:\Program Files\Java\jdk1.8.0_111\jre\lib\jce.jar
2017-04-29 03:02:30.942+0000 INFO  [o.n.k.i.DiagnosticsManager]  [classpath + loader.0] file:/F:/ProgramFiles/eclipse/jar/libss/neo4j-cypher-frontend-3.0-3.0.8.jar
2017-04-29 03:02:30.942+0000 INFO  [o.n.k.i.DiagnosticsManager]  [classpath + loader.0] file:/F:/ProgramFiles/eclipse/jar/libss/neo4j-csv-3.1.2.jar
2017-04-29 03:02:30.942+0000 INFO  [o.n.k.i.DiagnosticsManager]  [classpath + loader.0] file:/F:/ProgramFiles/eclipse/jar/libss/jersey-multipart-1.19.jar
2017-04-29 03:02:30.942+0000 INFO  [o.n.k.i.DiagnosticsManager]  [classpath + loader.0] file:/F:/ProgramFiles/eclipse/jar/libss/neo4j-lucene-index-3.1.2.jar
2017-04-29 03:02:30.942+0000 INFO  [o.n.k.i.DiagnosticsManager]  [classpath + loader.0] file:/F:/ProgramFiles/eclipse/jar/libss/neo4j-jmx-3.1.2.jar
2017-04-29 03:02:30.942+0000 INFO  [o.n.k.i.DiagnosticsManager]  [classpath + loader.0] file:/F:/ProgramFiles/eclipse/jar/libss/neo4j-collections-3.1.2.jar
2017-04-29 03:02:30.942+0000 INFO  [o.n.k.i.DiagnosticsManager]  [classpath + loader.0] file:/F:/ProgramFiles/eclipse/jar/libss/neo4j-cypher-compiler-3.0-3.0.8.jar
2017-04-29 03:02:30.942+0000 INFO  [o.n.k.i.DiagnosticsManager]  [classpath + loader.0] file:/F:/ProgramFiles/eclipse/jar/libss/neo4j-kernel-3.1.2.jar
2017-04-29 03:02:30.942+0000 INFO  [o.n.k.i.DiagnosticsManager]  [classpath + loader.0] file:/F:/ProgramFiles/eclipse/jar/libss/server-api-3.1.2.jar
2017-04-29 03:02:30.942+0000 INFO  [o.n.k.i.DiagnosticsManager]  [classpath + loader.0] file:/F:/ProgramFiles/eclipse/jar/libss/neo4j-common-3.1.2.jar
2017-04-29 03:02:30.942+0000 INFO  [o.n.k.i.DiagnosticsManager]  [loader.1] file:/C:/Program%20Files/Java/jdk1.8.0_111/jre/lib/ext/dnsns.jar
2017-04-29 03:02:30.942+0000 INFO  [o.n.k.i.DiagnosticsManager]  [classpath + loader.0] file:/F:/ProgramFiles/eclipse/jar/libss/commons-digester-2.1.jar
2017-04-29 03:02:30.943+0000 INFO  [o.n.k.i.DiagnosticsManager]  [classpath + loader.0] file:/F:/ProgramFiles/eclipse/jar/libss/lucene-queryparser-5.5.0.jar
2017-04-29 03:02:30.943+0000 INFO  [o.n.k.i.DiagnosticsManager]  [classpath + loader.0] file:/F:/ProgramFiles/eclipse/jar/libss/opencsv-2.3.jar
2017-04-29 03:02:30.943+0000 INFO  [o.n.k.i.DiagnosticsManager]  [loader.1] file:/C:/Program%20Files/Java/jdk1.8.0_111/jre/lib/ext/jaccess.jar
2017-04-29 03:02:30.943+0000 INFO  [o.n.k.i.DiagnosticsManager]  [classpath + loader.0] file:/F:/ProgramFiles/eclipse/jar/libss/commons-configuration-1.10.jar
2017-04-29 03:02:30.943+0000 INFO  [o.n.k.i.DiagnosticsManager]  [classpath + loader.0] file:/F:/ProgramFiles/eclipse/jar/libss/lucene-codecs-5.5.0.jar
2017-04-29 03:02:30.943+0000 INFO  [o.n.k.i.DiagnosticsManager]  [classpath + loader.0] file:/F:/ProgramFiles/eclipse/jar/libss/neo4j-dbms-3.1.2.jar
2017-04-29 03:02:30.943+0000 INFO  [o.n.k.i.DiagnosticsManager]  [loader.1] file:/C:/Program%20Files/Java/jdk1.8.0_111/jre/lib/ext/localedata.jar
2017-04-29 03:02:30.943+0000 INFO  [o.n.k.i.DiagnosticsManager]  [classpath + loader.0] file:/F:/ProgramFiles/eclipse/jar/libss/neo4j-cypher-compiler-2.3-2.3.9.jar
2017-04-29 03:02:30.943+0000 INFO  [o.n.k.i.DiagnosticsManager]  [classpath + loader.0] file:/F:/ProgramFiles/eclipse/jar/libss/neo4j-udc-3.1.2.jar
2017-04-29 03:02:30.943+0000 INFO  [o.n.k.i.DiagnosticsManager]  [classpath + loader.0] file:/F:/ProgramFiles/eclipse/jar/libss/neo4j-command-line-3.1.2.jar
2017-04-29 03:02:30.943+0000 INFO  [o.n.k.i.DiagnosticsManager]  [classpath + loader.0] file:/F:/ProgramFiles/eclipse/jar/libss/neo4j-shell-3.1.2.jar
2017-04-29 03:02:30.943+0000 INFO  [o.n.k.i.DiagnosticsManager]  [classpath + loader.0] file:/F:/ProgramFiles/eclipse/jar/libss/neo4j-browser-2.0.0-M10.jar
2017-04-29 03:02:30.943+0000 INFO  [o.n.k.i.DiagnosticsManager]  [classpath + loader.0] file:/F:/ProgramFiles/eclipse/jar/libss/neo4j-security-3.1.2.jar
2017-04-29 03:02:30.943+0000 INFO  [o.n.k.i.DiagnosticsManager]  [bootstrap] C:\Program Files\Java\jdk1.8.0_111\jre\lib\jfr.jar
2017-04-29 03:02:30.944+0000 INFO  [o.n.k.i.DiagnosticsManager]  [loader.1] file:/C:/Program%20Files/Java/jdk1.8.0_111/jre/lib/ext/cldrdata.jar
2017-04-29 03:02:30.944+0000 INFO  [o.n.k.i.DiagnosticsManager]  [classpath + loader.0] file:/F:/ProgramFiles/eclipse/jar/libss/caffeine-2.3.3.jar
2017-04-29 03:02:30.944+0000 INFO  [o.n.k.i.DiagnosticsManager]  [classpath + loader.0] file:/F:/ProgramFiles/eclipse/jar/libss/commons-compress-1.12.jar
2017-04-29 03:02:30.944+0000 INFO  [o.n.k.i.DiagnosticsManager]  [classpath + loader.0] file:/F:/ProgramFiles/eclipse/jar/libss/netty-all-4.1.8.Final.jar
2017-04-29 03:02:30.944+0000 INFO  [o.n.k.i.DiagnosticsManager]  [classpath + loader.0] file:/F:/ProgramFiles/eclipse/jar/libss/neo4j-cypher-compiler-3.1-3.1.2.jar
2017-04-29 03:02:30.944+0000 INFO  [o.n.k.i.DiagnosticsManager]  [classpath + loader.0] file:/F:/ProgramFiles/eclipse/jar/libss/jersey-core-1.19.jar
2017-04-29 03:02:30.944+0000 INFO  [o.n.k.i.DiagnosticsManager]  [classpath + loader.0] file:/F:/ProgramFiles/eclipse/jar/libss/jline-2.12.jar
2017-04-29 03:02:30.944+0000 INFO  [o.n.k.i.DiagnosticsManager]  [classpath + loader.0] file:/F:/ProgramFiles/eclipse/jar/libss/bcprov-jdk15on-1.53.jar
2017-04-29 03:02:30.944+0000 INFO  [o.n.k.i.DiagnosticsManager]  [classpath + loader.0] file:/F:/ProgramFiles/eclipse/jar/libss/jackson-jaxrs-1.9.13.jar
2017-04-29 03:02:30.944+0000 INFO  [o.n.k.i.DiagnosticsManager]  [classpath + loader.0] file:/F:/ProgramFiles/eclipse/jar/libss/neo4j-cypher-frontend-2.3-2.3.9.jar
2017-04-29 03:02:30.944+0000 INFO  [o.n.k.i.DiagnosticsManager]  [loader.1] file:/C:/Program%20Files/Java/jdk1.8.0_111/jre/lib/ext/jfxrt.jar
2017-04-29 03:02:30.945+0000 INFO  [o.n.k.i.DiagnosticsManager]  [classpath + loader.0] file:/F:/ProgramFiles/eclipse/jar/libss/neo4j-graphdb-api-3.1.2.jar
2017-04-29 03:02:30.945+0000 INFO  [o.n.k.i.DiagnosticsManager]  [classpath + loader.0] file:/F:/ProgramFiles/eclipse/jar/libss/neo4j-consistency-check-3.1.2.jar
2017-04-29 03:02:30.945+0000 INFO  [o.n.k.i.DiagnosticsManager]  [classpath + loader.0] file:/F:/ProgramFiles/eclipse/jar/libss/parboiled-core-1.1.7.jar
2017-04-29 03:02:30.945+0000 INFO  [o.n.k.i.DiagnosticsManager]  [classpath + loader.0] file:/F:/ProgramFiles/eclipse/jar/libss/jetty-security-9.2.9.v20150224.jar
2017-04-29 03:02:30.945+0000 INFO  [o.n.k.i.DiagnosticsManager]  [classpath + loader.0] file:/F:/ProgramFiles/eclipse/jar/libss/neo4j-logging-3.1.2.jar
2017-04-29 03:02:30.945+0000 INFO  [o.n.k.i.DiagnosticsManager]  [classpath + loader.0] file:/F:/ProgramFiles/eclipse/jar/libss/mimepull-1.9.3.jar
2017-04-29 03:02:30.945+0000 INFO  [o.n.k.i.DiagnosticsManager]  [classpath + loader.0] file:/F:/ProgramFiles/eclipse/jar/libss/commons-logging-1.1.1.jar
2017-04-29 03:02:30.945+0000 INFO  [o.n.k.i.DiagnosticsManager]  [classpath + loader.0] file:/F:/ProgramFiles/eclipse/jar/libss/neo4j-lucene-upgrade-3.1.2.jar
2017-04-29 03:02:30.945+0000 INFO  [o.n.k.i.DiagnosticsManager]  [classpath + loader.0] file:/F:/ProgramFiles/eclipse/jar/libss/neo4j-cypher-frontend-3.1-3.1.2.jar
2017-04-29 03:02:30.945+0000 INFO  [o.n.k.i.DiagnosticsManager]  [classpath + loader.0] file:/F:/ProgramFiles/eclipse/jar/libss/neo4j-io-3.1.2.jar
2017-04-29 03:02:30.945+0000 INFO  [o.n.k.i.DiagnosticsManager]  [classpath + loader.0] file:/F:/ProgramFiles/eclipse/jar/libss/neo4j-primitive-collections-3.1.2.jar
2017-04-29 03:02:30.945+0000 INFO  [o.n.k.i.DiagnosticsManager]  [classpath + loader.0] file:/F:/ProgramFiles/eclipse/jar/libss/jetty-xml-9.2.9.v20150224.jar
2017-04-29 03:02:30.945+0000 INFO  [o.n.k.i.DiagnosticsManager]  [classpath + loader.0] file:/F:/ProgramFiles/eclipse/jar/libss/neo4j-server-3.1.2.jar
2017-04-29 03:02:30.945+0000 INFO  [o.n.k.i.DiagnosticsManager]  [classpath + loader.0] file:/F:/ProgramFiles/eclipse/jar/libss/jackson-mapper-asl-1.9.13.jar
2017-04-29 03:02:30.945+0000 INFO  [o.n.k.i.DiagnosticsManager]  [classpath + loader.0] file:/F:/ProgramFiles/eclipse/jar/libss/jackson-core-asl-1.9.13.jar
2017-04-29 03:02:30.945+0000 INFO  [o.n.k.i.DiagnosticsManager]  [bootstrap] C:\Program Files\Java\jdk1.8.0_111\jre\lib\charsets.jar
2017-04-29 03:02:30.945+0000 INFO  [o.n.k.i.DiagnosticsManager]  [bootstrap] C:\Program Files\Java\jdk1.8.0_111\jre\classes
2017-04-29 03:02:30.946+0000 INFO  [o.n.k.i.DiagnosticsManager]  [classpath + loader.0] file:/F:/ProgramFiles/eclipse/jar/libss/commons-lang3-3.3.2.jar
2017-04-29 03:02:30.946+0000 INFO  [o.n.k.i.DiagnosticsManager]  [classpath + loader.0] file:/F:/ProgramFiles/eclipse/jar/libss/neo4j-cypher-3.1.2.jar
2017-04-29 03:02:30.946+0000 INFO  [o.n.k.i.DiagnosticsManager] Library path:
2017-04-29 03:02:30.947+0000 INFO  [o.n.k.i.DiagnosticsManager] C:\Program Files\Java\jdk1.8.0_111\bin
2017-04-29 03:02:30.947+0000 INFO  [o.n.k.i.DiagnosticsManager] C:\Windows\Sun\Java\bin
2017-04-29 03:02:30.948+0000 INFO  [o.n.k.i.DiagnosticsManager] C:\Windows\System32
2017-04-29 03:02:30.948+0000 INFO  [o.n.k.i.DiagnosticsManager] C:\Windows
2017-04-29 03:02:30.949+0000 INFO  [o.n.k.i.DiagnosticsManager] C:\Program Files\Java\jdk1.8.0_111\jre\bin\server
2017-04-29 03:02:30.950+0000 INFO  [o.n.k.i.DiagnosticsManager] C:\Program Files\Java\jdk1.8.0_111\jre\bin
2017-04-29 03:02:30.951+0000 INFO  [o.n.k.i.DiagnosticsManager] C:\Program Files\Java\jdk1.8.0_111\jre\lib\amd64
2017-04-29 03:02:30.951+0000 INFO  [o.n.k.i.DiagnosticsManager] F:\ProgramFiles\eclipse\workspace\neo4j\%JAVA_HOME%\bin
2017-04-29 03:02:30.952+0000 INFO  [o.n.k.i.DiagnosticsManager] F:\ProgramFiles\eclipse\workspace\neo4j\%JAVA_HOME%\jre\bin
2017-04-29 03:02:30.953+0000 INFO  [o.n.k.i.DiagnosticsManager] C:\Program Files (x86)\AMD APP\bin\x86_64
2017-04-29 03:02:30.953+0000 INFO  [o.n.k.i.DiagnosticsManager] C:\Program Files (x86)\AMD APP\bin\x86
2017-04-29 03:02:30.953+0000 INFO  [o.n.k.i.DiagnosticsManager] C:\Windows\System32
2017-04-29 03:02:30.953+0000 INFO  [o.n.k.i.DiagnosticsManager] C:\Windows
2017-04-29 03:02:30.954+0000 INFO  [o.n.k.i.DiagnosticsManager] C:\Windows\System32\wbem
2017-04-29 03:02:30.955+0000 INFO  [o.n.k.i.DiagnosticsManager] C:\Windows\System32\WindowsPowerShell\v1.0
2017-04-29 03:02:30.956+0000 INFO  [o.n.k.i.DiagnosticsManager] C:\Program Files (x86)\ATI Technologies\ATI.ACE\Core-Static
2017-04-29 03:02:30.956+0000 INFO  [o.n.k.i.DiagnosticsManager] F:\ProgramFiles\Maven\apache-maven-3.3.9-bin\apache-maven-3.3.9\bin
2017-04-29 03:02:30.956+0000 INFO  [o.n.k.i.DiagnosticsManager] C:\Program Files\Java\jdk1.8.0_111\bin
2017-04-29 03:02:30.957+0000 INFO  [o.n.k.i.DiagnosticsManager] C:\Program Files\Java\jdk1.8.0_111\jre\bin
2017-04-29 03:02:30.957+0000 INFO  [o.n.k.i.DiagnosticsManager] F:\ProgramFiles\eclipse\workspace\neo4j
2017-04-29 03:02:30.958+0000 INFO  [o.n.k.i.DiagnosticsManager] C:\Windows\System32
2017-04-29 03:02:30.958+0000 INFO  [o.n.k.i.DiagnosticsManager] F:\ProgramFiles\eclipse\workspace\neo4j
2017-04-29 03:02:30.958+0000 INFO  [o.n.k.i.DiagnosticsManager] F:\ProgramFiles\eclipse\workspace\neo4j
2017-04-29 03:02:30.958+0000 INFO  [o.n.k.i.DiagnosticsManager] System.properties:
2017-04-29 03:02:30.959+0000 INFO  [o.n.k.i.DiagnosticsManager] sun.boot.library.path = C:\Program Files\Java\jdk1.8.0_111\jre\bin
2017-04-29 03:02:30.959+0000 INFO  [o.n.k.i.DiagnosticsManager] path.separator = ;
2017-04-29 03:02:30.959+0000 INFO  [o.n.k.i.DiagnosticsManager] file.encoding.pkg = sun.io
2017-04-29 03:02:30.959+0000 INFO  [o.n.k.i.DiagnosticsManager] user.country = CN
2017-04-29 03:02:30.959+0000 INFO  [o.n.k.i.DiagnosticsManager] user.script = 
2017-04-29 03:02:30.959+0000 INFO  [o.n.k.i.DiagnosticsManager] sun.java.launcher = SUN_STANDARD
2017-04-29 03:02:30.959+0000 INFO  [o.n.k.i.DiagnosticsManager] sun.os.patch.level = Service Pack 1
2017-04-29 03:02:30.959+0000 INFO  [o.n.k.i.DiagnosticsManager] user.dir = F:\ProgramFiles\eclipse\workspace\neo4j
2017-04-29 03:02:30.959+0000 INFO  [o.n.k.i.DiagnosticsManager] user.variant = 
2017-04-29 03:02:30.959+0000 INFO  [o.n.k.i.DiagnosticsManager] sun.jnu.encoding = GBK
2017-04-29 03:02:30.959+0000 INFO  [o.n.k.i.DiagnosticsManager] sun.management.compiler = HotSpot 64-Bit Tiered Compilers
2017-04-29 03:02:30.959+0000 INFO  [o.n.k.i.DiagnosticsManager] user.home = C:\Users\Administrator
2017-04-29 03:02:30.959+0000 INFO  [o.n.k.i.DiagnosticsManager] user.timezone = Asia/Shanghai
2017-04-29 03:02:30.960+0000 INFO  [o.n.k.i.DiagnosticsManager] file.encoding = GBK
2017-04-29 03:02:30.960+0000 INFO  [o.n.k.i.DiagnosticsManager] user.name = Administrator
2017-04-29 03:02:30.960+0000 INFO  [o.n.k.i.DiagnosticsManager] sun.java.command = org.easypoint.Neo
2017-04-29 03:02:30.960+0000 INFO  [o.n.k.i.DiagnosticsManager] sun.arch.data.model = 64
2017-04-29 03:02:30.960+0000 INFO  [o.n.k.i.DiagnosticsManager] user.language = zh
2017-04-29 03:02:30.960+0000 INFO  [o.n.k.i.DiagnosticsManager] awt.toolkit = sun.awt.windows.WToolkit
2017-04-29 03:02:30.960+0000 INFO  [o.n.k.i.DiagnosticsManager] file.separator = \
2017-04-29 03:02:30.960+0000 INFO  [o.n.k.i.DiagnosticsManager] sun.io.unicode.encoding = UnicodeLittle
2017-04-29 03:02:30.960+0000 INFO  [o.n.k.i.DiagnosticsManager] sun.cpu.endian = little
2017-04-29 03:02:30.960+0000 INFO  [o.n.k.i.DiagnosticsManager] sun.desktop = windows
2017-04-29 03:02:30.960+0000 INFO  [o.n.k.i.DiagnosticsManager] sun.cpu.isalist = amd64
2017-04-29 03:02:30.960+0000 INFO  [o.n.k.i.DiagnosticsManager] Network information:
2017-04-29 03:02:31.115+0000 INFO  [o.n.k.i.DiagnosticsManager] Interface Software Loopback Interface 1:
2017-04-29 03:02:31.116+0000 INFO  [o.n.k.i.DiagnosticsManager]     address: 127.0.0.1
2017-04-29 03:02:31.116+0000 INFO  [o.n.k.i.DiagnosticsManager]     address: 0:0:0:0:0:0:0:1
2017-04-29 03:02:31.116+0000 INFO  [o.n.k.i.DiagnosticsManager] Interface WAN Miniport (SSTP):
2017-04-29 03:02:31.116+0000 INFO  [o.n.k.i.DiagnosticsManager] Interface WAN Miniport (L2TP):
2017-04-29 03:02:31.116+0000 INFO  [o.n.k.i.DiagnosticsManager] Interface WAN Miniport (PPTP):
2017-04-29 03:02:31.116+0000 INFO  [o.n.k.i.DiagnosticsManager] Interface WAN Miniport (PPPOE):
2017-04-29 03:02:31.116+0000 INFO  [o.n.k.i.DiagnosticsManager] Interface WAN Miniport (IPv6):
2017-04-29 03:02:31.116+0000 INFO  [o.n.k.i.DiagnosticsManager] Interface WAN Miniport (Network Monitor):
2017-04-29 03:02:31.116+0000 INFO  [o.n.k.i.DiagnosticsManager] Interface WAN Miniport (IP):
2017-04-29 03:02:31.116+0000 INFO  [o.n.k.i.DiagnosticsManager] Interface RAS Async Adapter:
2017-04-29 03:02:31.117+0000 INFO  [o.n.k.i.DiagnosticsManager] Interface WAN Miniport (IKEv2):
2017-04-29 03:02:31.117+0000 INFO  [o.n.k.i.DiagnosticsManager] Interface Ralink RT3090 802.11n WiFi Adapter:
2017-04-29 03:02:31.117+0000 INFO  [o.n.k.i.DiagnosticsManager]     address: 192.168.191.1
2017-04-29 03:02:31.117+0000 INFO  [o.n.k.i.DiagnosticsManager]     address: fe80:0:0:0:9d8:f717:d95a:821e%wlan0
2017-04-29 03:02:31.117+0000 INFO  [o.n.k.i.DiagnosticsManager] Interface Realtek PCIe FE Family Controller:
2017-04-29 03:02:31.117+0000 INFO  [o.n.k.i.DiagnosticsManager]     address: 172.30.115.170
2017-04-29 03:02:31.117+0000 INFO  [o.n.k.i.DiagnosticsManager]     address: 2001:250:3c00:1198:c21:1f1:f2a2:416c
2017-04-29 03:02:31.117+0000 INFO  [o.n.k.i.DiagnosticsManager]     address: 2001:250:3c00:1198:b433:492e:7431:2568
2017-04-29 03:02:31.117+0000 INFO  [o.n.k.i.DiagnosticsManager]     address: fe80:0:0:0:c21:1f1:f2a2:416c%eth3
2017-04-29 03:02:31.117+0000 INFO  [o.n.k.i.DiagnosticsManager] Interface Microsoft Virtual WiFi Miniport Adapter:
2017-04-29 03:02:31.117+0000 INFO  [o.n.k.i.DiagnosticsManager] Interface Teredo Tunneling Pseudo-Interface:
2017-04-29 03:02:31.117+0000 INFO  [o.n.k.i.DiagnosticsManager]     address: 2001:0:9d38:953c:8b:1f0e:53e1:8c55
2017-04-29 03:02:31.118+0000 INFO  [o.n.k.i.DiagnosticsManager]     address: fe80:0:0:0:8b:1f0e:53e1:8c55%net4
2017-04-29 03:02:31.118+0000 INFO  [o.n.k.i.DiagnosticsManager] Interface Microsoft Virtual WiFi Miniport Adapter #2:
2017-04-29 03:02:31.118+0000 INFO  [o.n.k.i.DiagnosticsManager] Interface Microsoft Virtual WiFi Miniport Adapter #3:
2017-04-29 03:02:31.118+0000 INFO  [o.n.k.i.DiagnosticsManager] Interface Microsoft ISATAP Adapter:
2017-04-29 03:02:31.118+0000 INFO  [o.n.k.i.DiagnosticsManager]     address: fe80:0:0:0:0:5efe:ac1e:73aa%net5
2017-04-29 03:02:31.118+0000 INFO  [o.n.k.i.DiagnosticsManager] Interface Microsoft ISATAP Adapter #2:
2017-04-29 03:02:31.118+0000 INFO  [o.n.k.i.DiagnosticsManager]     address: fe80:0:0:0:0:5efe:c0a8:bf01%net6
2017-04-29 03:02:31.118+0000 INFO  [o.n.k.i.DiagnosticsManager] Interface Microsoft ISATAP Adapter #3:
2017-04-29 03:02:31.118+0000 INFO  [o.n.k.i.DiagnosticsManager] Interface Microsoft Virtual WiFi Miniport Adapter #4:
2017-04-29 03:02:31.118+0000 INFO  [o.n.k.i.DiagnosticsManager]     address: fe80:0:0:0:8050:e46d:3010:d884%wlan4
2017-04-29 03:02:31.118+0000 INFO  [o.n.k.i.DiagnosticsManager] Interface Realtek PCIe FE Family Controller-Liebao Wifi NAT Driver-0000:
2017-04-29 03:02:31.118+0000 INFO  [o.n.k.i.DiagnosticsManager] Interface Realtek PCIe FE Family Controller-QoS Packet Scheduler-0000:
2017-04-29 03:02:31.119+0000 INFO  [o.n.k.i.DiagnosticsManager] Interface Realtek PCIe FE Family Controller-WFP LightWeight Filter-0000:
2017-04-29 03:02:31.119+0000 INFO  [o.n.k.i.DiagnosticsManager] Interface Ralink RT3090 802.11n WiFi Adapter-Liebao Wifi NAT Driver-0000:
2017-04-29 03:02:31.119+0000 INFO  [o.n.k.i.DiagnosticsManager] Interface Ralink RT3090 802.11n WiFi Adapter-QoS Packet Scheduler-0000:
2017-04-29 03:02:31.119+0000 INFO  [o.n.k.i.DiagnosticsManager] Interface Ralink RT3090 802.11n WiFi Adapter-Virtual WiFi Filter Driver-0000:
2017-04-29 03:02:31.119+0000 INFO  [o.n.k.i.DiagnosticsManager] Interface WAN Miniport (Network Monitor)-Liebao Wifi NAT Driver-0000:
2017-04-29 03:02:31.119+0000 INFO  [o.n.k.i.DiagnosticsManager] Interface WAN Miniport (Network Monitor)-QoS Packet Scheduler-0000:
2017-04-29 03:02:31.119+0000 INFO  [o.n.k.i.DiagnosticsManager] Interface WAN Miniport (IP)-Liebao Wifi NAT Driver-0000:
2017-04-29 03:02:31.119+0000 INFO  [o.n.k.i.DiagnosticsManager] Interface WAN Miniport (IP)-QoS Packet Scheduler-0000:
2017-04-29 03:02:31.119+0000 INFO  [o.n.k.i.DiagnosticsManager] Interface WAN Miniport (IPv6)-Liebao Wifi NAT Driver-0000:
2017-04-29 03:02:31.119+0000 INFO  [o.n.k.i.DiagnosticsManager] Interface WAN Miniport (IPv6)-QoS Packet Scheduler-0000:
2017-04-29 03:02:31.119+0000 INFO  [o.n.k.i.DiagnosticsManager] Interface Ralink RT3090 802.11n WiFi Adapter-Native WiFi Filter Driver-0000:
2017-04-29 03:02:31.119+0000 INFO  [o.n.k.i.DiagnosticsManager] Interface Ralink RT3090 802.11n WiFi Adapter-WFP LightWeight Filter-0000:
2017-04-29 03:02:31.119+0000 INFO  [o.n.k.i.DiagnosticsManager] Interface Microsoft Virtual WiFi Miniport Adapter #4-Native WiFi Filter Driver-0000:
2017-04-29 03:02:31.119+0000 INFO  [o.n.k.i.DiagnosticsManager] Interface Microsoft Virtual WiFi Miniport Adapter #4-Liebao Wifi NAT Driver-0000:
2017-04-29 03:02:31.119+0000 INFO  [o.n.k.i.DiagnosticsManager] Interface Microsoft Virtual WiFi Miniport Adapter #4-QoS Packet Scheduler-0000:
2017-04-29 03:02:31.120+0000 INFO  [o.n.k.i.DiagnosticsManager] Interface Microsoft Virtual WiFi Miniport Adapter #4-WFP LightWeight Filter-0000:
2017-04-29 03:02:31.120+0000 INFO  [o.n.k.i.DiagnosticsManager] --- INITIALIZED diagnostics END ---
2017-04-29 03:02:31.319+0000 INFO  [o.n.k.i.s.f.RecordFormatSelector] Selected format 'RecordFormat:StandardV3_0[v0.A.7]' for the new store
