2017-04-10 05:19:42.901+0000 WARN  [o.n.i.p.PageCache] The dbms.memory.pagecache.size setting has not been configured. It is recommended that this setting is always explicitly configured, to ensure the system has a balanced configuration. Until then, a computed heuristic value of 1616302080 bytes will be used instead. 
2017-04-10 05:19:43.263+0000 INFO  [o.n.k.i.f.CommunityEditionModule] No locking implementation specified, defaulting to 'community'
2017-04-10 05:19:44.144+0000 INFO  [o.n.k.AvailabilityGuard] Requirement makes database unavailable: Database available
2017-04-10 05:19:44.250+0000 INFO  [o.n.k.i.DiagnosticsManager] --- INITIALIZED diagnostics START ---
2017-04-10 05:19:44.250+0000 INFO  [o.n.k.i.DiagnosticsManager] Neo4j Kernel properties:
2017-04-10 05:19:44.251+0000 INFO  [o.n.k.i.DiagnosticsManager] unsupported.dbms.edition=community
2017-04-10 05:19:44.252+0000 INFO  [o.n.k.i.DiagnosticsManager] unsupported.dbms.directories.neo4j_home=F:\ProgramFiles\eclipse\workspace\neo4j\l
2017-04-10 05:19:44.252+0000 INFO  [o.n.k.i.DiagnosticsManager] unsupported.dbms.ephemeral=false
2017-04-10 05:19:44.252+0000 INFO  [o.n.k.i.DiagnosticsManager] Diagnostics providers:
2017-04-10 05:19:44.253+0000 INFO  [o.n.k.i.DiagnosticsManager] org.neo4j.kernel.configuration.Config
2017-04-10 05:19:44.253+0000 INFO  [o.n.k.i.DiagnosticsManager] org.neo4j.kernel.info.DiagnosticsManager
2017-04-10 05:19:44.253+0000 INFO  [o.n.k.i.DiagnosticsManager] SYSTEM_MEMORY
2017-04-10 05:19:44.253+0000 INFO  [o.n.k.i.DiagnosticsManager] JAVA_MEMORY
2017-04-10 05:19:44.254+0000 INFO  [o.n.k.i.DiagnosticsManager] OPERATING_SYSTEM
2017-04-10 05:19:44.254+0000 INFO  [o.n.k.i.DiagnosticsManager] JAVA_VIRTUAL_MACHINE
2017-04-10 05:19:44.254+0000 INFO  [o.n.k.i.DiagnosticsManager] CLASSPATH
2017-04-10 05:19:44.255+0000 INFO  [o.n.k.i.DiagnosticsManager] LIBRARY_PATH
2017-04-10 05:19:44.255+0000 INFO  [o.n.k.i.DiagnosticsManager] SYSTEM_PROPERTIES
2017-04-10 05:19:44.256+0000 INFO  [o.n.k.i.DiagnosticsManager] NETWORK
2017-04-10 05:19:44.256+0000 INFO  [o.n.k.i.DiagnosticsManager] System memory information:
2017-04-10 05:19:44.351+0000 INFO  [o.n.k.i.DiagnosticsManager] Total Physical memory: 3.87 GB
2017-04-10 05:19:44.352+0000 INFO  [o.n.k.i.DiagnosticsManager] Free Physical memory: 820.45 MB
2017-04-10 05:19:44.352+0000 INFO  [o.n.k.i.DiagnosticsManager] Committed virtual memory: 271.14 MB
2017-04-10 05:19:44.352+0000 INFO  [o.n.k.i.DiagnosticsManager] Total swap space: 7.74 GB
2017-04-10 05:19:44.353+0000 INFO  [o.n.k.i.DiagnosticsManager] Free swap space: 2.51 GB
2017-04-10 05:19:44.353+0000 INFO  [o.n.k.i.DiagnosticsManager] JVM memory information:
2017-04-10 05:19:44.353+0000 INFO  [o.n.k.i.DiagnosticsManager] Free  memory: 84.13 MB
2017-04-10 05:19:44.354+0000 INFO  [o.n.k.i.DiagnosticsManager] Total memory: 178.50 MB
2017-04-10 05:19:44.354+0000 INFO  [o.n.k.i.DiagnosticsManager] Max   memory: 882.00 MB
2017-04-10 05:19:44.546+0000 INFO  [o.n.k.i.DiagnosticsManager] Garbage Collector: PS Scavenge: [PS Eden Space, PS Survivor Space]
2017-04-10 05:19:44.547+0000 INFO  [o.n.k.i.DiagnosticsManager] Garbage Collector: PS MarkSweep: [PS Eden Space, PS Survivor Space, PS Old Gen]
2017-04-10 05:19:44.554+0000 INFO  [o.n.k.i.DiagnosticsManager] Memory Pool: Code Cache (Non-heap memory): committed=4.25 MB, used=4.19 MB, max=240.00 MB, threshold=0.00 B
2017-04-10 05:19:44.573+0000 INFO  [o.n.k.i.DiagnosticsManager] Memory Pool: Metaspace (Non-heap memory): committed=10.75 MB, used=10.06 MB, max=-1.00 B, threshold=0.00 B
2017-04-10 05:19:44.574+0000 INFO  [o.n.k.i.DiagnosticsManager] Memory Pool: Compressed Class Space (Non-heap memory): committed=1.50 MB, used=1.30 MB, max=1.00 GB, threshold=0.00 B
2017-04-10 05:19:44.575+0000 INFO  [o.n.k.i.DiagnosticsManager] Memory Pool: PS Eden Space (Heap memory): committed=123.50 MB, used=74.71 MB, max=323.00 MB, threshold=?
2017-04-10 05:19:44.575+0000 INFO  [o.n.k.i.DiagnosticsManager] Memory Pool: PS Survivor Space (Heap memory): committed=3.50 MB, used=0.00 B, max=3.50 MB, threshold=?
2017-04-10 05:19:44.578+0000 INFO  [o.n.k.i.DiagnosticsManager] Memory Pool: PS Old Gen (Heap memory): committed=51.50 MB, used=19.66 MB, max=661.50 MB, threshold=0.00 B
2017-04-10 05:19:44.579+0000 INFO  [o.n.k.i.DiagnosticsManager] Operating system information:
2017-04-10 05:19:44.580+0000 INFO  [o.n.k.i.DiagnosticsManager] Operating System: Windows 7; version: 6.1; arch: amd64; cpus: 4
2017-04-10 05:19:45.505+0000 INFO  [o.n.k.i.DiagnosticsManager] Process id: 13168@PC201310051628
2017-04-10 05:19:45.505+0000 INFO  [o.n.k.i.DiagnosticsManager] Byte order: LITTLE_ENDIAN
2017-04-10 05:19:45.506+0000 INFO  [o.n.k.i.DiagnosticsManager] Local timezone: Asia/Shanghai
2017-04-10 05:19:45.506+0000 INFO  [o.n.k.i.DiagnosticsManager] JVM information:
2017-04-10 05:19:45.506+0000 INFO  [o.n.k.i.DiagnosticsManager] VM Name: Java HotSpot(TM) 64-Bit Server VM
2017-04-10 05:19:45.506+0000 INFO  [o.n.k.i.DiagnosticsManager] VM Vendor: Oracle Corporation
2017-04-10 05:19:45.506+0000 INFO  [o.n.k.i.DiagnosticsManager] VM Version: 25.111-b14
2017-04-10 05:19:45.518+0000 INFO  [o.n.k.i.DiagnosticsManager] JIT compiler: HotSpot 64-Bit Tiered Compilers
2017-04-10 05:19:45.543+0000 INFO  [o.n.k.i.DiagnosticsManager] VM Arguments: [-Dfile.encoding=GBK]
2017-04-10 05:19:45.543+0000 INFO  [o.n.k.i.DiagnosticsManager] Java classpath:
2017-04-10 05:19:46.115+0000 INFO  [o.n.k.i.DiagnosticsManager]  [classpath + loader.0] file:/F:/ProgramFiles/eclipse/jar/libss/jetty-io-9.2.9.v20150224.jar
2017-04-10 05:19:46.115+0000 INFO  [o.n.k.i.DiagnosticsManager]  [classpath + loader.0] file:/F:/ProgramFiles/eclipse/jar/libss/jetty-webapp-9.2.9.v20150224.jar
2017-04-10 05:19:46.115+0000 INFO  [o.n.k.i.DiagnosticsManager]  [classpath + loader.0] file:/F:/ProgramFiles/eclipse/jar/libss/asm-5.0.4.jar
2017-04-10 05:19:46.116+0000 INFO  [o.n.k.i.DiagnosticsManager]  [loader.1] file:/C:/Program%20Files/Java/jdk1.8.0_111/jre/lib/ext/sunpkcs11.jar
2017-04-10 05:19:46.116+0000 INFO  [o.n.k.i.DiagnosticsManager]  [classpath + loader.0] file:/F:/ProgramFiles/eclipse/jar/libss/jersey-server-1.19.jar
2017-04-10 05:19:46.116+0000 INFO  [o.n.k.i.DiagnosticsManager]  [classpath + loader.0] file:/F:/ProgramFiles/eclipse/jar/libss/jsr311-api-1.1.2.r612.jar
2017-04-10 05:19:46.116+0000 INFO  [o.n.k.i.DiagnosticsManager]  [classpath + loader.0] file:/F:/ProgramFiles/eclipse/jar/libss/concurrentlinkedhashmap-lru-1.4.2.jar
2017-04-10 05:19:46.116+0000 INFO  [o.n.k.i.DiagnosticsManager]  [classpath + loader.0] file:/F:/ProgramFiles/eclipse/jar/libss/lucene-analyzers-common-5.5.0.jar
2017-04-10 05:19:46.117+0000 INFO  [o.n.k.i.DiagnosticsManager]  [bootstrap] C:\Program Files\Java\jdk1.8.0_111\jre\lib\sunrsasign.jar
2017-04-10 05:19:46.117+0000 INFO  [o.n.k.i.DiagnosticsManager]  [classpath + loader.0] file:/F:/ProgramFiles/eclipse/jar/libss/neo4j-import-tool-3.1.2.jar
2017-04-10 05:19:46.117+0000 INFO  [o.n.k.i.DiagnosticsManager]  [classpath + loader.0] file:/F:/ProgramFiles/eclipse/jar/libss/neo4j-codegen-3.1.2.jar
2017-04-10 05:19:46.117+0000 INFO  [o.n.k.i.DiagnosticsManager]  [classpath + loader.0] file:/F:/ProgramFiles/eclipse/jar/libss/rhino-1.7R4.jar
2017-04-10 05:19:46.117+0000 INFO  [o.n.k.i.DiagnosticsManager]  [classpath + loader.0] file:/F:/ProgramFiles/eclipse/jar/libss/commons-lang-2.6.jar
2017-04-10 05:19:46.117+0000 INFO  [o.n.k.i.DiagnosticsManager]  [loader.1] file:/C:/Program%20Files/Java/jdk1.8.0_111/jre/lib/ext/sunec.jar
2017-04-10 05:19:46.117+0000 INFO  [o.n.k.i.DiagnosticsManager]  [classpath + loader.0] file:/F:/ProgramFiles/eclipse/jar/libss/neo4j-resource-3.1.2.jar
2017-04-10 05:19:46.118+0000 INFO  [o.n.k.i.DiagnosticsManager]  [classpath + loader.0] file:/F:/ProgramFiles/eclipse/jar/libss/jersey-servlet-1.19.jar
2017-04-10 05:19:46.118+0000 INFO  [o.n.k.i.DiagnosticsManager]  [loader.1] file:/C:/Program%20Files/Java/jdk1.8.0_111/jre/lib/ext/sunjce_provider.jar
2017-04-10 05:19:46.118+0000 INFO  [o.n.k.i.DiagnosticsManager]  [classpath + loader.0] file:/F:/ProgramFiles/eclipse/jar/libss/jetty-http-9.2.9.v20150224.jar
2017-04-10 05:19:46.118+0000 INFO  [o.n.k.i.DiagnosticsManager]  [classpath + loader.0] file:/F:/ProgramFiles/eclipse/jar/libss/neo4j-graph-matching-3.1.2.jar
2017-04-10 05:19:46.118+0000 INFO  [o.n.k.i.DiagnosticsManager]  [classpath + loader.0] file:/F:/ProgramFiles/eclipse/jar/libss/jetty-servlet-9.2.9.v20150224.jar
2017-04-10 05:19:46.118+0000 INFO  [o.n.k.i.DiagnosticsManager]  [loader.1] file:/C:/Program%20Files/Java/jdk1.8.0_111/jre/lib/ext/sunmscapi.jar
2017-04-10 05:19:46.119+0000 INFO  [o.n.k.i.DiagnosticsManager]  [classpath + loader.0] file:/F:/ProgramFiles/eclipse/jar/libss/neo4j-bolt-3.1.2.jar
2017-04-10 05:19:46.119+0000 INFO  [o.n.k.i.DiagnosticsManager]  [loader.1] file:/C:/Program%20Files/Java/jdk1.8.0_111/jre/lib/ext/nashorn.jar
2017-04-10 05:19:46.119+0000 INFO  [o.n.k.i.DiagnosticsManager]  [classpath + loader.0] file:/F:/ProgramFiles/eclipse/jar/libss/commons-io-2.4.jar
2017-04-10 05:19:46.120+0000 INFO  [o.n.k.i.DiagnosticsManager]  [classpath + loader.0] file:/F:/ProgramFiles/eclipse/jar/libss/lucene-core-5.5.0.jar
2017-04-10 05:19:46.120+0000 INFO  [o.n.k.i.DiagnosticsManager]  [classpath + loader.0] file:/F:/ProgramFiles/eclipse/jar/libss/javax.servlet-api-3.1.0.jar
2017-04-10 05:19:46.120+0000 INFO  [o.n.k.i.DiagnosticsManager]  [bootstrap] C:\Program Files\Java\jdk1.8.0_111\jre\lib\jsse.jar
2017-04-10 05:19:46.120+0000 INFO  [o.n.k.i.DiagnosticsManager]  [loader.1] file:/C:/Program%20Files/Java/jdk1.8.0_111/jre/lib/ext/access-bridge-64.jar
2017-04-10 05:19:46.120+0000 INFO  [o.n.k.i.DiagnosticsManager]  [bootstrap] C:\Program Files\Java\jdk1.8.0_111\jre\lib\resources.jar
2017-04-10 05:19:46.120+0000 INFO  [o.n.k.i.DiagnosticsManager]  [classpath + loader.0] file:/F:/ProgramFiles/eclipse/jar/libss/jetty-server-9.2.9.v20150224.jar
2017-04-10 05:19:46.120+0000 INFO  [o.n.k.i.DiagnosticsManager]  [classpath + loader.0] file:/F:/ProgramFiles/eclipse/jar/libss/scala-reflect-2.11.8.jar
2017-04-10 05:19:46.120+0000 INFO  [o.n.k.i.DiagnosticsManager]  [classpath + loader.0] file:/F:/ProgramFiles/eclipse/jar/libss/parboiled-scala_2.11-1.1.7.jar
2017-04-10 05:19:46.120+0000 INFO  [o.n.k.i.DiagnosticsManager]  [classpath + loader.0] file:/F:/ProgramFiles/eclipse/jar/libss/commons-beanutils-1.8.3.jar
2017-04-10 05:19:46.120+0000 INFO  [o.n.k.i.DiagnosticsManager]  [classpath + loader.0] file:/F:/ProgramFiles/eclipse/jar/libss/neo4j-graph-algo-3.1.2.jar
2017-04-10 05:19:46.120+0000 INFO  [o.n.k.i.DiagnosticsManager]  [classpath + loader.0] file:/F:/ProgramFiles/eclipse/jar/libss/neo4j-unsafe-3.1.2.jar
2017-04-10 05:19:46.120+0000 INFO  [o.n.k.i.DiagnosticsManager]  [classpath + loader.0] file:/F:/ProgramFiles/eclipse/jar/libss/bcpkix-jdk15on-1.53.jar
2017-04-10 05:19:46.120+0000 INFO  [o.n.k.i.DiagnosticsManager]  [classpath + loader.0] file:/F:/ProgramFiles/eclipse/jar/libss/scala-library-2.11.8.jar
2017-04-10 05:19:46.121+0000 INFO  [o.n.k.i.DiagnosticsManager]  [classpath + loader.0] file:/F:/ProgramFiles/eclipse/workspace/neo4j/bin/
2017-04-10 05:19:46.121+0000 INFO  [o.n.k.i.DiagnosticsManager]  [loader.1] file:/C:/Program%20Files/Java/jdk1.8.0_111/jre/lib/ext/zipfs.jar
2017-04-10 05:19:46.121+0000 INFO  [o.n.k.i.DiagnosticsManager]  [bootstrap] C:\Program Files\Java\jdk1.8.0_111\jre\lib\rt.jar
2017-04-10 05:19:46.121+0000 INFO  [o.n.k.i.DiagnosticsManager]  [classpath + loader.0] file:/F:/ProgramFiles/eclipse/jar/libss/jetty-util-9.2.9.v20150224.jar
2017-04-10 05:19:46.121+0000 INFO  [o.n.k.i.DiagnosticsManager]  [bootstrap] C:\Program Files\Java\jdk1.8.0_111\jre\lib\jce.jar
2017-04-10 05:19:46.121+0000 INFO  [o.n.k.i.DiagnosticsManager]  [classpath + loader.0] file:/F:/ProgramFiles/eclipse/jar/libss/neo4j-cypher-frontend-3.0-3.0.8.jar
2017-04-10 05:19:46.121+0000 INFO  [o.n.k.i.DiagnosticsManager]  [classpath + loader.0] file:/F:/ProgramFiles/eclipse/jar/libss/neo4j-csv-3.1.2.jar
2017-04-10 05:19:46.121+0000 INFO  [o.n.k.i.DiagnosticsManager]  [classpath + loader.0] file:/F:/ProgramFiles/eclipse/jar/libss/jersey-multipart-1.19.jar
2017-04-10 05:19:46.121+0000 INFO  [o.n.k.i.DiagnosticsManager]  [classpath + loader.0] file:/F:/ProgramFiles/eclipse/jar/libss/neo4j-lucene-index-3.1.2.jar
2017-04-10 05:19:46.121+0000 INFO  [o.n.k.i.DiagnosticsManager]  [classpath + loader.0] file:/F:/ProgramFiles/eclipse/jar/libss/neo4j-jmx-3.1.2.jar
2017-04-10 05:19:46.121+0000 INFO  [o.n.k.i.DiagnosticsManager]  [classpath + loader.0] file:/F:/ProgramFiles/eclipse/jar/libss/neo4j-collections-3.1.2.jar
2017-04-10 05:19:46.121+0000 INFO  [o.n.k.i.DiagnosticsManager]  [classpath + loader.0] file:/F:/ProgramFiles/eclipse/jar/libss/neo4j-cypher-compiler-3.0-3.0.8.jar
2017-04-10 05:19:46.121+0000 INFO  [o.n.k.i.DiagnosticsManager]  [classpath + loader.0] file:/F:/ProgramFiles/eclipse/jar/libss/neo4j-kernel-3.1.2.jar
2017-04-10 05:19:46.121+0000 INFO  [o.n.k.i.DiagnosticsManager]  [classpath + loader.0] file:/F:/ProgramFiles/eclipse/jar/libss/server-api-3.1.2.jar
2017-04-10 05:19:46.121+0000 INFO  [o.n.k.i.DiagnosticsManager]  [classpath + loader.0] file:/F:/ProgramFiles/eclipse/jar/libss/neo4j-common-3.1.2.jar
2017-04-10 05:19:46.121+0000 INFO  [o.n.k.i.DiagnosticsManager]  [loader.1] file:/C:/Program%20Files/Java/jdk1.8.0_111/jre/lib/ext/dnsns.jar
2017-04-10 05:19:46.121+0000 INFO  [o.n.k.i.DiagnosticsManager]  [classpath + loader.0] file:/F:/ProgramFiles/eclipse/jar/libss/commons-digester-2.1.jar
2017-04-10 05:19:46.121+0000 INFO  [o.n.k.i.DiagnosticsManager]  [classpath + loader.0] file:/F:/ProgramFiles/eclipse/jar/libss/lucene-queryparser-5.5.0.jar
2017-04-10 05:19:46.121+0000 INFO  [o.n.k.i.DiagnosticsManager]  [classpath + loader.0] file:/F:/ProgramFiles/eclipse/jar/libss/opencsv-2.3.jar
2017-04-10 05:19:46.121+0000 INFO  [o.n.k.i.DiagnosticsManager]  [loader.1] file:/C:/Program%20Files/Java/jdk1.8.0_111/jre/lib/ext/jaccess.jar
2017-04-10 05:19:46.121+0000 INFO  [o.n.k.i.DiagnosticsManager]  [classpath + loader.0] file:/F:/ProgramFiles/eclipse/jar/libss/commons-configuration-1.10.jar
2017-04-10 05:19:46.121+0000 INFO  [o.n.k.i.DiagnosticsManager]  [classpath + loader.0] file:/F:/ProgramFiles/eclipse/jar/libss/lucene-codecs-5.5.0.jar
2017-04-10 05:19:46.122+0000 INFO  [o.n.k.i.DiagnosticsManager]  [classpath + loader.0] file:/F:/ProgramFiles/eclipse/jar/libss/neo4j-dbms-3.1.2.jar
2017-04-10 05:19:46.122+0000 INFO  [o.n.k.i.DiagnosticsManager]  [loader.1] file:/C:/Program%20Files/Java/jdk1.8.0_111/jre/lib/ext/localedata.jar
2017-04-10 05:19:46.122+0000 INFO  [o.n.k.i.DiagnosticsManager]  [classpath + loader.0] file:/F:/ProgramFiles/eclipse/jar/libss/neo4j-cypher-compiler-2.3-2.3.9.jar
2017-04-10 05:19:46.122+0000 INFO  [o.n.k.i.DiagnosticsManager]  [classpath + loader.0] file:/F:/ProgramFiles/eclipse/jar/libss/neo4j-udc-3.1.2.jar
2017-04-10 05:19:46.122+0000 INFO  [o.n.k.i.DiagnosticsManager]  [classpath + loader.0] file:/F:/ProgramFiles/eclipse/jar/libss/neo4j-command-line-3.1.2.jar
2017-04-10 05:19:46.122+0000 INFO  [o.n.k.i.DiagnosticsManager]  [classpath + loader.0] file:/F:/ProgramFiles/eclipse/jar/libss/neo4j-shell-3.1.2.jar
2017-04-10 05:19:46.122+0000 INFO  [o.n.k.i.DiagnosticsManager]  [classpath + loader.0] file:/F:/ProgramFiles/eclipse/jar/libss/neo4j-browser-2.0.0-M10.jar
2017-04-10 05:19:46.122+0000 INFO  [o.n.k.i.DiagnosticsManager]  [classpath + loader.0] file:/F:/ProgramFiles/eclipse/jar/libss/neo4j-security-3.1.2.jar
2017-04-10 05:19:46.122+0000 INFO  [o.n.k.i.DiagnosticsManager]  [bootstrap] C:\Program Files\Java\jdk1.8.0_111\jre\lib\jfr.jar
2017-04-10 05:19:46.122+0000 INFO  [o.n.k.i.DiagnosticsManager]  [loader.1] file:/C:/Program%20Files/Java/jdk1.8.0_111/jre/lib/ext/cldrdata.jar
2017-04-10 05:19:46.122+0000 INFO  [o.n.k.i.DiagnosticsManager]  [classpath + loader.0] file:/F:/ProgramFiles/eclipse/jar/libss/caffeine-2.3.3.jar
2017-04-10 05:19:46.122+0000 INFO  [o.n.k.i.DiagnosticsManager]  [classpath + loader.0] file:/F:/ProgramFiles/eclipse/jar/libss/commons-compress-1.12.jar
2017-04-10 05:19:46.122+0000 INFO  [o.n.k.i.DiagnosticsManager]  [classpath + loader.0] file:/F:/ProgramFiles/eclipse/jar/libss/netty-all-4.1.8.Final.jar
2017-04-10 05:19:46.122+0000 INFO  [o.n.k.i.DiagnosticsManager]  [classpath + loader.0] file:/F:/ProgramFiles/eclipse/jar/libss/neo4j-cypher-compiler-3.1-3.1.2.jar
2017-04-10 05:19:46.122+0000 INFO  [o.n.k.i.DiagnosticsManager]  [classpath + loader.0] file:/F:/ProgramFiles/eclipse/jar/libss/jersey-core-1.19.jar
2017-04-10 05:19:46.122+0000 INFO  [o.n.k.i.DiagnosticsManager]  [classpath + loader.0] file:/F:/ProgramFiles/eclipse/jar/libss/jline-2.12.jar
2017-04-10 05:19:46.122+0000 INFO  [o.n.k.i.DiagnosticsManager]  [classpath + loader.0] file:/F:/ProgramFiles/eclipse/jar/libss/bcprov-jdk15on-1.53.jar
2017-04-10 05:19:46.906+0000 INFO  [o.n.k.i.DiagnosticsManager]  [classpath + loader.0] file:/F:/ProgramFiles/eclipse/jar/libss/jackson-jaxrs-1.9.13.jar
2017-04-10 05:19:46.907+0000 INFO  [o.n.k.i.DiagnosticsManager]  [classpath + loader.0] file:/F:/ProgramFiles/eclipse/jar/libss/neo4j-cypher-frontend-2.3-2.3.9.jar
2017-04-10 05:19:46.907+0000 INFO  [o.n.k.i.DiagnosticsManager]  [loader.1] file:/C:/Program%20Files/Java/jdk1.8.0_111/jre/lib/ext/jfxrt.jar
2017-04-10 05:19:46.907+0000 INFO  [o.n.k.i.DiagnosticsManager]  [classpath + loader.0] file:/F:/ProgramFiles/eclipse/jar/libss/neo4j-graphdb-api-3.1.2.jar
2017-04-10 05:19:46.907+0000 INFO  [o.n.k.i.DiagnosticsManager]  [classpath + loader.0] file:/F:/ProgramFiles/eclipse/jar/libss/neo4j-consistency-check-3.1.2.jar
2017-04-10 05:19:46.907+0000 INFO  [o.n.k.i.DiagnosticsManager]  [classpath + loader.0] file:/F:/ProgramFiles/eclipse/jar/libss/parboiled-core-1.1.7.jar
2017-04-10 05:19:46.907+0000 INFO  [o.n.k.i.DiagnosticsManager]  [classpath + loader.0] file:/F:/ProgramFiles/eclipse/jar/libss/jetty-security-9.2.9.v20150224.jar
2017-04-10 05:19:46.907+0000 INFO  [o.n.k.i.DiagnosticsManager]  [classpath + loader.0] file:/F:/ProgramFiles/eclipse/jar/libss/neo4j-logging-3.1.2.jar
2017-04-10 05:19:46.907+0000 INFO  [o.n.k.i.DiagnosticsManager]  [classpath + loader.0] file:/F:/ProgramFiles/eclipse/jar/libss/mimepull-1.9.3.jar
2017-04-10 05:19:46.907+0000 INFO  [o.n.k.i.DiagnosticsManager]  [classpath + loader.0] file:/F:/ProgramFiles/eclipse/jar/libss/commons-logging-1.1.1.jar
2017-04-10 05:19:46.908+0000 INFO  [o.n.k.i.DiagnosticsManager]  [classpath + loader.0] file:/F:/ProgramFiles/eclipse/jar/libss/neo4j-lucene-upgrade-3.1.2.jar
2017-04-10 05:19:46.908+0000 INFO  [o.n.k.i.DiagnosticsManager]  [classpath + loader.0] file:/F:/ProgramFiles/eclipse/jar/libss/neo4j-cypher-frontend-3.1-3.1.2.jar
2017-04-10 05:19:46.908+0000 INFO  [o.n.k.i.DiagnosticsManager]  [classpath + loader.0] file:/F:/ProgramFiles/eclipse/jar/libss/neo4j-io-3.1.2.jar
2017-04-10 05:19:46.909+0000 INFO  [o.n.k.i.DiagnosticsManager]  [classpath + loader.0] file:/F:/ProgramFiles/eclipse/jar/libss/neo4j-primitive-collections-3.1.2.jar
2017-04-10 05:19:46.909+0000 INFO  [o.n.k.i.DiagnosticsManager]  [classpath + loader.0] file:/F:/ProgramFiles/eclipse/jar/libss/jetty-xml-9.2.9.v20150224.jar
2017-04-10 05:19:46.909+0000 INFO  [o.n.k.i.DiagnosticsManager]  [classpath + loader.0] file:/F:/ProgramFiles/eclipse/jar/libss/neo4j-server-3.1.2.jar
2017-04-10 05:19:46.909+0000 INFO  [o.n.k.i.DiagnosticsManager]  [classpath + loader.0] file:/F:/ProgramFiles/eclipse/jar/libss/jackson-mapper-asl-1.9.13.jar
2017-04-10 05:19:46.909+0000 INFO  [o.n.k.i.DiagnosticsManager]  [classpath + loader.0] file:/F:/ProgramFiles/eclipse/jar/libss/jackson-core-asl-1.9.13.jar
2017-04-10 05:19:46.909+0000 INFO  [o.n.k.i.DiagnosticsManager]  [bootstrap] C:\Program Files\Java\jdk1.8.0_111\jre\lib\charsets.jar
2017-04-10 05:19:46.909+0000 INFO  [o.n.k.i.DiagnosticsManager]  [bootstrap] C:\Program Files\Java\jdk1.8.0_111\jre\classes
2017-04-10 05:19:46.909+0000 INFO  [o.n.k.i.DiagnosticsManager]  [classpath + loader.0] file:/F:/ProgramFiles/eclipse/jar/libss/commons-lang3-3.3.2.jar
2017-04-10 05:19:46.909+0000 INFO  [o.n.k.i.DiagnosticsManager]  [classpath + loader.0] file:/F:/ProgramFiles/eclipse/jar/libss/neo4j-cypher-3.1.2.jar
2017-04-10 05:19:46.911+0000 INFO  [o.n.k.i.DiagnosticsManager] Library path:
2017-04-10 05:19:46.912+0000 INFO  [o.n.k.i.DiagnosticsManager] C:\Program Files\Java\jdk1.8.0_111\bin
2017-04-10 05:19:46.913+0000 INFO  [o.n.k.i.DiagnosticsManager] C:\Windows\Sun\Java\bin
2017-04-10 05:19:46.913+0000 INFO  [o.n.k.i.DiagnosticsManager] C:\Windows\System32
2017-04-10 05:19:46.914+0000 INFO  [o.n.k.i.DiagnosticsManager] C:\Windows
2017-04-10 05:19:46.915+0000 INFO  [o.n.k.i.DiagnosticsManager] C:\Program Files\Java\jdk1.8.0_111\jre\bin\server
2017-04-10 05:19:46.917+0000 INFO  [o.n.k.i.DiagnosticsManager] C:\Program Files\Java\jdk1.8.0_111\jre\bin
2017-04-10 05:19:46.919+0000 INFO  [o.n.k.i.DiagnosticsManager] C:\Program Files\Java\jdk1.8.0_111\jre\lib\amd64
2017-04-10 05:19:46.920+0000 INFO  [o.n.k.i.DiagnosticsManager] F:\ProgramFiles\eclipse\workspace\neo4j\%JAVA_HOME%\bin
2017-04-10 05:19:46.920+0000 INFO  [o.n.k.i.DiagnosticsManager] F:\ProgramFiles\eclipse\workspace\neo4j\%JAVA_HOME%\jre\bin
2017-04-10 05:19:46.921+0000 INFO  [o.n.k.i.DiagnosticsManager] C:\Program Files (x86)\AMD APP\bin\x86_64
2017-04-10 05:19:46.922+0000 INFO  [o.n.k.i.DiagnosticsManager] C:\Program Files (x86)\AMD APP\bin\x86
2017-04-10 05:19:46.922+0000 INFO  [o.n.k.i.DiagnosticsManager] C:\Windows\System32
2017-04-10 05:19:46.922+0000 INFO  [o.n.k.i.DiagnosticsManager] C:\Windows
2017-04-10 05:19:46.923+0000 INFO  [o.n.k.i.DiagnosticsManager] C:\Windows\System32\wbem
2017-04-10 05:19:47.012+0000 INFO  [o.n.k.i.DiagnosticsManager] C:\Windows\System32\WindowsPowerShell\v1.0
2017-04-10 05:19:47.045+0000 INFO  [o.n.k.i.DiagnosticsManager] C:\Program Files (x86)\ATI Technologies\ATI.ACE\Core-Static
2017-04-10 05:19:47.452+0000 INFO  [o.n.k.i.DiagnosticsManager] F:\ProgramFiles\Maven\apache-maven-3.3.9-bin\apache-maven-3.3.9\bin
2017-04-10 05:19:47.452+0000 INFO  [o.n.k.i.DiagnosticsManager] C:\Program Files\Java\jdk1.8.0_111\bin
2017-04-10 05:19:47.452+0000 INFO  [o.n.k.i.DiagnosticsManager] C:\Program Files\Java\jdk1.8.0_111\jre\bin
2017-04-10 05:19:47.453+0000 INFO  [o.n.k.i.DiagnosticsManager] F:\ProgramFiles\eclipse\workspace\neo4j
2017-04-10 05:19:47.453+0000 INFO  [o.n.k.i.DiagnosticsManager] C:\Windows\System32
2017-04-10 05:19:47.453+0000 INFO  [o.n.k.i.DiagnosticsManager] F:\ProgramFiles\eclipse\workspace\neo4j
2017-04-10 05:19:47.453+0000 INFO  [o.n.k.i.DiagnosticsManager] F:\ProgramFiles\eclipse\workspace\neo4j
2017-04-10 05:19:47.453+0000 INFO  [o.n.k.i.DiagnosticsManager] System.properties:
2017-04-10 05:19:47.488+0000 INFO  [o.n.k.i.DiagnosticsManager] sun.boot.library.path = C:\Program Files\Java\jdk1.8.0_111\jre\bin
2017-04-10 05:19:47.488+0000 INFO  [o.n.k.i.DiagnosticsManager] path.separator = ;
2017-04-10 05:19:47.488+0000 INFO  [o.n.k.i.DiagnosticsManager] file.encoding.pkg = sun.io
2017-04-10 05:19:47.488+0000 INFO  [o.n.k.i.DiagnosticsManager] user.country = CN
2017-04-10 05:19:47.488+0000 INFO  [o.n.k.i.DiagnosticsManager] user.script = 
2017-04-10 05:19:47.488+0000 INFO  [o.n.k.i.DiagnosticsManager] sun.java.launcher = SUN_STANDARD
2017-04-10 05:19:47.488+0000 INFO  [o.n.k.i.DiagnosticsManager] sun.os.patch.level = Service Pack 1
2017-04-10 05:19:47.488+0000 INFO  [o.n.k.i.DiagnosticsManager] user.dir = F:\ProgramFiles\eclipse\workspace\neo4j
2017-04-10 05:19:47.488+0000 INFO  [o.n.k.i.DiagnosticsManager] user.variant = 
2017-04-10 05:19:47.488+0000 INFO  [o.n.k.i.DiagnosticsManager] sun.jnu.encoding = GBK
2017-04-10 05:19:47.488+0000 INFO  [o.n.k.i.DiagnosticsManager] sun.management.compiler = HotSpot 64-Bit Tiered Compilers
2017-04-10 05:19:47.488+0000 INFO  [o.n.k.i.DiagnosticsManager] user.home = C:\Users\Administrator
2017-04-10 05:19:47.488+0000 INFO  [o.n.k.i.DiagnosticsManager] user.timezone = Asia/Shanghai
2017-04-10 05:19:47.488+0000 INFO  [o.n.k.i.DiagnosticsManager] file.encoding = GBK
2017-04-10 05:19:47.488+0000 INFO  [o.n.k.i.DiagnosticsManager] user.name = Administrator
2017-04-10 05:19:47.488+0000 INFO  [o.n.k.i.DiagnosticsManager] sun.java.command = org.easypoint.Neo
2017-04-10 05:19:47.488+0000 INFO  [o.n.k.i.DiagnosticsManager] sun.arch.data.model = 64
2017-04-10 05:19:47.488+0000 INFO  [o.n.k.i.DiagnosticsManager] user.language = zh
2017-04-10 05:19:47.488+0000 INFO  [o.n.k.i.DiagnosticsManager] awt.toolkit = sun.awt.windows.WToolkit
2017-04-10 05:19:47.489+0000 INFO  [o.n.k.i.DiagnosticsManager] file.separator = \
2017-04-10 05:19:47.489+0000 INFO  [o.n.k.i.DiagnosticsManager] sun.io.unicode.encoding = UnicodeLittle
2017-04-10 05:19:47.489+0000 INFO  [o.n.k.i.DiagnosticsManager] sun.cpu.endian = little
2017-04-10 05:19:47.489+0000 INFO  [o.n.k.i.DiagnosticsManager] sun.desktop = windows
2017-04-10 05:19:47.489+0000 INFO  [o.n.k.i.DiagnosticsManager] sun.cpu.isalist = amd64
2017-04-10 05:19:47.489+0000 INFO  [o.n.k.i.DiagnosticsManager] Network information:
2017-04-10 05:19:47.741+0000 INFO  [o.n.k.i.DiagnosticsManager] Interface Software Loopback Interface 1:
2017-04-10 05:19:47.753+0000 INFO  [o.n.k.i.DiagnosticsManager]     address: 127.0.0.1
2017-04-10 05:19:47.753+0000 INFO  [o.n.k.i.DiagnosticsManager]     address: 0:0:0:0:0:0:0:1
2017-04-10 05:19:47.753+0000 INFO  [o.n.k.i.DiagnosticsManager] Interface WAN Miniport (SSTP):
2017-04-10 05:19:47.753+0000 INFO  [o.n.k.i.DiagnosticsManager] Interface WAN Miniport (L2TP):
2017-04-10 05:19:47.753+0000 INFO  [o.n.k.i.DiagnosticsManager] Interface WAN Miniport (PPTP):
2017-04-10 05:19:47.753+0000 INFO  [o.n.k.i.DiagnosticsManager] Interface WAN Miniport (PPPOE):
2017-04-10 05:19:47.753+0000 INFO  [o.n.k.i.DiagnosticsManager] Interface WAN Miniport (IPv6):
2017-04-10 05:19:47.753+0000 INFO  [o.n.k.i.DiagnosticsManager] Interface WAN Miniport (Network Monitor):
2017-04-10 05:19:47.753+0000 INFO  [o.n.k.i.DiagnosticsManager] Interface WAN Miniport (IP):
2017-04-10 05:19:47.754+0000 INFO  [o.n.k.i.DiagnosticsManager] Interface RAS Async Adapter:
2017-04-10 05:19:47.754+0000 INFO  [o.n.k.i.DiagnosticsManager] Interface WAN Miniport (IKEv2):
2017-04-10 05:19:47.754+0000 INFO  [o.n.k.i.DiagnosticsManager] Interface Ralink RT3090 802.11n WiFi Adapter:
2017-04-10 05:19:47.754+0000 INFO  [o.n.k.i.DiagnosticsManager]     address: 172.27.21.143
2017-04-10 05:19:47.754+0000 INFO  [o.n.k.i.DiagnosticsManager]     address: fe80:0:0:0:9d8:f717:d95a:821e%wlan0
2017-04-10 05:19:47.754+0000 INFO  [o.n.k.i.DiagnosticsManager] Interface Realtek PCIe FE Family Controller:
2017-04-10 05:19:47.754+0000 INFO  [o.n.k.i.DiagnosticsManager]     address: fe80:0:0:0:c21:1f1:f2a2:416c%eth3
2017-04-10 05:19:47.754+0000 INFO  [o.n.k.i.DiagnosticsManager] Interface Microsoft Virtual WiFi Miniport Adapter:
2017-04-10 05:19:47.754+0000 INFO  [o.n.k.i.DiagnosticsManager] Interface Teredo Tunneling Pseudo-Interface:
2017-04-10 05:19:47.754+0000 INFO  [o.n.k.i.DiagnosticsManager]     address: 2001:0:9d38:953c:203c:2ffe:53e4:ea70
2017-04-10 05:19:47.754+0000 INFO  [o.n.k.i.DiagnosticsManager]     address: fe80:0:0:0:203c:2ffe:53e4:ea70%net4
2017-04-10 05:19:47.755+0000 INFO  [o.n.k.i.DiagnosticsManager] Interface Microsoft Virtual WiFi Miniport Adapter #2:
2017-04-10 05:19:47.755+0000 INFO  [o.n.k.i.DiagnosticsManager] Interface Microsoft Virtual WiFi Miniport Adapter #3:
2017-04-10 05:19:47.755+0000 INFO  [o.n.k.i.DiagnosticsManager] Interface Microsoft ISATAP Adapter:
2017-04-10 05:19:47.755+0000 INFO  [o.n.k.i.DiagnosticsManager]     address: fe80:0:0:0:0:5efe:ac1b:158f%net5
2017-04-10 05:19:47.755+0000 INFO  [o.n.k.i.DiagnosticsManager] Interface Microsoft ISATAP Adapter #2:
2017-04-10 05:19:47.755+0000 INFO  [o.n.k.i.DiagnosticsManager] Interface Microsoft ISATAP Adapter #3:
2017-04-10 05:19:47.755+0000 INFO  [o.n.k.i.DiagnosticsManager] Interface Microsoft Virtual WiFi Miniport Adapter #4:
2017-04-10 05:19:47.755+0000 INFO  [o.n.k.i.DiagnosticsManager]     address: fe80:0:0:0:8050:e46d:3010:d884%wlan4
2017-04-10 05:19:47.756+0000 INFO  [o.n.k.i.DiagnosticsManager] Interface Realtek PCIe FE Family Controller-Liebao Wifi NAT Driver-0000:
2017-04-10 05:19:47.756+0000 INFO  [o.n.k.i.DiagnosticsManager] Interface Realtek PCIe FE Family Controller-QoS Packet Scheduler-0000:
2017-04-10 05:19:47.756+0000 INFO  [o.n.k.i.DiagnosticsManager] Interface Realtek PCIe FE Family Controller-WFP LightWeight Filter-0000:
2017-04-10 05:19:47.756+0000 INFO  [o.n.k.i.DiagnosticsManager] Interface Ralink RT3090 802.11n WiFi Adapter-Liebao Wifi NAT Driver-0000:
2017-04-10 05:19:47.756+0000 INFO  [o.n.k.i.DiagnosticsManager] Interface Ralink RT3090 802.11n WiFi Adapter-QoS Packet Scheduler-0000:
2017-04-10 05:19:47.756+0000 INFO  [o.n.k.i.DiagnosticsManager] Interface Ralink RT3090 802.11n WiFi Adapter-Virtual WiFi Filter Driver-0000:
2017-04-10 05:19:47.756+0000 INFO  [o.n.k.i.DiagnosticsManager] Interface WAN Miniport (Network Monitor)-Liebao Wifi NAT Driver-0000:
2017-04-10 05:19:47.756+0000 INFO  [o.n.k.i.DiagnosticsManager] Interface WAN Miniport (Network Monitor)-QoS Packet Scheduler-0000:
2017-04-10 05:19:47.756+0000 INFO  [o.n.k.i.DiagnosticsManager] Interface WAN Miniport (IP)-Liebao Wifi NAT Driver-0000:
2017-04-10 05:19:47.756+0000 INFO  [o.n.k.i.DiagnosticsManager] Interface WAN Miniport (IP)-QoS Packet Scheduler-0000:
2017-04-10 05:19:47.757+0000 INFO  [o.n.k.i.DiagnosticsManager] Interface WAN Miniport (IPv6)-Liebao Wifi NAT Driver-0000:
2017-04-10 05:19:47.757+0000 INFO  [o.n.k.i.DiagnosticsManager] Interface WAN Miniport (IPv6)-QoS Packet Scheduler-0000:
2017-04-10 05:19:47.757+0000 INFO  [o.n.k.i.DiagnosticsManager] Interface Ralink RT3090 802.11n WiFi Adapter-Native WiFi Filter Driver-0000:
2017-04-10 05:19:47.757+0000 INFO  [o.n.k.i.DiagnosticsManager] Interface Ralink RT3090 802.11n WiFi Adapter-WFP LightWeight Filter-0000:
2017-04-10 05:19:47.757+0000 INFO  [o.n.k.i.DiagnosticsManager] Interface Microsoft Virtual WiFi Miniport Adapter #4-Native WiFi Filter Driver-0000:
2017-04-10 05:19:47.757+0000 INFO  [o.n.k.i.DiagnosticsManager] Interface Microsoft Virtual WiFi Miniport Adapter #4-Liebao Wifi NAT Driver-0000:
2017-04-10 05:19:47.757+0000 INFO  [o.n.k.i.DiagnosticsManager] Interface Microsoft Virtual WiFi Miniport Adapter #4-QoS Packet Scheduler-0000:
2017-04-10 05:19:47.757+0000 INFO  [o.n.k.i.DiagnosticsManager] Interface Microsoft Virtual WiFi Miniport Adapter #4-WFP LightWeight Filter-0000:
2017-04-10 05:19:47.757+0000 INFO  [o.n.k.i.DiagnosticsManager] --- INITIALIZED diagnostics END ---
2017-04-10 05:19:51.508+0000 INFO  [o.n.k.i.s.f.RecordFormatSelector] Selected format 'RecordFormat:StandardV3_0[v0.A.7]' for the new store
2017-04-10 05:20:01.803+0000 INFO  [o.n.k.a.i.l.LuceneLabelScanStore] No lucene scan store index found, this might just be first use. Preparing to rebuild.
2017-04-10 05:20:02.700+0000 INFO  [o.n.k.NeoStoreDataSource] Opened logical log [F:\ProgramFiles\eclipse\workspace\neo4j\l\neostore.transaction.db.0] version=0, lastTxId=1 (clean)
2017-04-10 05:20:02.797+0000 WARN  [o.n.k.i.s.MetaDataStore] Missing counts store, rebuilding it.
2017-04-10 05:20:03.072+0000 INFO  [o.n.k.a.i.l.LuceneLabelScanStore] Rebuilding lucene scan store, this may take a while
2017-04-10 05:20:03.198+0000 INFO  [o.n.k.a.i.l.LuceneLabelScanStore] Lucene scan store rebuilt (roughly 0 nodes)
2017-04-10 05:20:03.202+0000 INFO  [o.n.k.i.DatabaseHealth] Database health set to OK
2017-04-10 05:20:04.888+0000 INFO  [o.n.k.AvailabilityGuard] Fulfilling of requirement makes database available: Database available
2017-04-10 05:20:04.888+0000 INFO  [o.n.k.i.f.GraphDatabaseFacadeFactory] Database is now ready
2017-04-10 05:20:04.890+0000 INFO  [o.n.k.i.DiagnosticsManager] --- STARTED diagnostics for KernelDiagnostics:Versions START ---
2017-04-10 05:20:04.890+0000 INFO  [o.n.k.i.DiagnosticsManager] Graph Database: community single StoreId{creationTime=1491801599672, randomId=-2591263847806874940, storeVersion=15531981201765894, upgradeTime=1491801599672, upgradeId=1}
2017-04-10 05:20:04.890+0000 INFO  [o.n.k.i.DiagnosticsManager] Kernel version: 3.1.2,b6d837dd0a766dfa508e9c570f8d9d2a0db0cb5d
2017-04-10 05:20:04.890+0000 INFO  [o.n.k.i.DiagnosticsManager] --- STARTED diagnostics for KernelDiagnostics:Versions END ---
2017-04-10 05:20:04.893+0000 INFO  [o.n.k.i.DiagnosticsManager] --- STARTED diagnostics for NEO_STORE_VERSIONS START ---
2017-04-10 05:20:04.894+0000 INFO  [o.n.k.i.DiagnosticsManager] Store versions:
2017-04-10 05:20:04.894+0000 INFO  [o.n.k.i.DiagnosticsManager] Store versions:
2017-04-10 05:20:04.894+0000 INFO  [o.n.k.i.DiagnosticsManager]   ArrayPropertyStore v0.A.7
2017-04-10 05:20:04.894+0000 INFO  [o.n.k.i.DiagnosticsManager]   NodeStore v0.A.7
2017-04-10 05:20:04.894+0000 INFO  [o.n.k.i.DiagnosticsManager]   StringPropertyStore v0.A.7
2017-04-10 05:20:04.894+0000 INFO  [o.n.k.i.DiagnosticsManager]   PropertyIndexStore v0.A.7
2017-04-10 05:20:04.894+0000 INFO  [o.n.k.i.DiagnosticsManager]   StringPropertyStore v0.A.7
2017-04-10 05:20:04.894+0000 INFO  [o.n.k.i.DiagnosticsManager]   ArrayPropertyStore v0.A.7
2017-04-10 05:20:04.895+0000 INFO  [o.n.k.i.DiagnosticsManager]   PropertyStore v0.A.7
2017-04-10 05:20:04.895+0000 INFO  [o.n.k.i.DiagnosticsManager]   RelationshipStore v0.A.7
2017-04-10 05:20:04.895+0000 INFO  [o.n.k.i.DiagnosticsManager]   StringPropertyStore v0.A.7
2017-04-10 05:20:04.895+0000 INFO  [o.n.k.i.DiagnosticsManager]   RelationshipTypeStore v0.A.7
2017-04-10 05:20:04.895+0000 INFO  [o.n.k.i.DiagnosticsManager]   StringPropertyStore v0.A.7
2017-04-10 05:20:04.895+0000 INFO  [o.n.k.i.DiagnosticsManager]   LabelTokenStore v0.A.7
2017-04-10 05:20:04.895+0000 INFO  [o.n.k.i.DiagnosticsManager]   SchemaStore v0.A.7
2017-04-10 05:20:04.895+0000 INFO  [o.n.k.i.DiagnosticsManager]   RelationshipGroupStore v0.A.7
2017-04-10 05:20:04.896+0000 INFO  [o.n.k.i.DiagnosticsManager]   NeoStore v0.A.7
2017-04-10 05:20:04.896+0000 INFO  [o.n.k.i.DiagnosticsManager] --- STARTED diagnostics for NEO_STORE_VERSIONS END ---
2017-04-10 05:20:04.896+0000 INFO  [o.n.k.i.DiagnosticsManager] --- STARTED diagnostics for NEO_STORE_ID_USAGE START ---
2017-04-10 05:20:04.896+0000 INFO  [o.n.k.i.DiagnosticsManager] Id usage:
2017-04-10 05:20:04.896+0000 INFO  [o.n.k.i.DiagnosticsManager] Id usage:
2017-04-10 05:20:04.896+0000 INFO  [o.n.k.i.DiagnosticsManager]   ArrayPropertyStore: used=1 high=0
2017-04-10 05:20:04.896+0000 INFO  [o.n.k.i.DiagnosticsManager]   NodeStore: used=0 high=-1
2017-04-10 05:20:04.897+0000 INFO  [o.n.k.i.DiagnosticsManager]   StringPropertyStore: used=1 high=0
2017-04-10 05:20:04.897+0000 INFO  [o.n.k.i.DiagnosticsManager]   PropertyIndexStore: used=0 high=-1
2017-04-10 05:20:04.897+0000 INFO  [o.n.k.i.DiagnosticsManager]   StringPropertyStore: used=1 high=0
2017-04-10 05:20:04.897+0000 INFO  [o.n.k.i.DiagnosticsManager]   ArrayPropertyStore: used=1 high=0
2017-04-10 05:20:04.897+0000 INFO  [o.n.k.i.DiagnosticsManager]   PropertyStore: used=0 high=-1
2017-04-10 05:20:04.898+0000 INFO  [o.n.k.i.DiagnosticsManager]   RelationshipStore: used=0 high=-1
2017-04-10 05:20:04.898+0000 INFO  [o.n.k.i.DiagnosticsManager]   StringPropertyStore: used=1 high=0
2017-04-10 05:20:04.898+0000 INFO  [o.n.k.i.DiagnosticsManager]   RelationshipTypeStore: used=0 high=-1
2017-04-10 05:20:04.898+0000 INFO  [o.n.k.i.DiagnosticsManager]   StringPropertyStore: used=1 high=0
2017-04-10 05:20:04.898+0000 INFO  [o.n.k.i.DiagnosticsManager]   LabelTokenStore: used=0 high=-1
2017-04-10 05:20:04.899+0000 INFO  [o.n.k.i.DiagnosticsManager]   SchemaStore: used=1 high=0
2017-04-10 05:20:04.899+0000 INFO  [o.n.k.i.DiagnosticsManager]   RelationshipGroupStore: used=1 high=0
2017-04-10 05:20:04.899+0000 INFO  [o.n.k.i.DiagnosticsManager]   NeoStore: used=15 high=14
2017-04-10 05:20:04.899+0000 INFO  [o.n.k.i.DiagnosticsManager] --- STARTED diagnostics for NEO_STORE_ID_USAGE END ---
2017-04-10 05:20:04.899+0000 INFO  [o.n.k.i.DiagnosticsManager] --- STARTED diagnostics for NEO_STORE_RECORDS START ---
2017-04-10 05:20:04.900+0000 INFO  [o.n.k.i.DiagnosticsManager] Neostore records:
2017-04-10 05:20:04.901+0000 INFO  [o.n.k.i.DiagnosticsManager] TIME (Creation time): 1491801599672
2017-04-10 05:20:04.901+0000 INFO  [o.n.k.i.DiagnosticsManager] RANDOM_NUMBER (Random number for store id): -2591263847806874940
2017-04-10 05:20:04.901+0000 INFO  [o.n.k.i.DiagnosticsManager] LOG_VERSION (Current log version): 0
2017-04-10 05:20:04.902+0000 INFO  [o.n.k.i.DiagnosticsManager] LAST_TRANSACTION_ID (Last committed transaction): 1
2017-04-10 05:20:04.902+0000 INFO  [o.n.k.i.DiagnosticsManager] STORE_VERSION (Store format version): 15531981201765894
2017-04-10 05:20:04.902+0000 INFO  [o.n.k.i.DiagnosticsManager] FIRST_GRAPH_PROPERTY (First property record containing graph properties): -1
2017-04-10 05:20:04.902+0000 INFO  [o.n.k.i.DiagnosticsManager] LAST_CONSTRAINT_TRANSACTION (Last committed transaction containing constraint changes): 0
2017-04-10 05:20:04.902+0000 INFO  [o.n.k.i.DiagnosticsManager] UPGRADE_TRANSACTION_ID (Transaction id most recent upgrade was performed at): 1
2017-04-10 05:20:04.902+0000 INFO  [o.n.k.i.DiagnosticsManager] UPGRADE_TIME (Time of last upgrade): 1491801599672
2017-04-10 05:20:04.902+0000 INFO  [o.n.k.i.DiagnosticsManager] LAST_TRANSACTION_CHECKSUM (Checksum of last committed transaction): 0
2017-04-10 05:20:04.903+0000 INFO  [o.n.k.i.DiagnosticsManager] UPGRADE_TRANSACTION_CHECKSUM (Checksum of transaction id the most recent upgrade was performed at): 0
2017-04-10 05:20:04.903+0000 INFO  [o.n.k.i.DiagnosticsManager] LAST_CLOSED_TRANSACTION_LOG_VERSION (Log version where the last transaction commit entry has been written into): 0
2017-04-10 05:20:04.903+0000 INFO  [o.n.k.i.DiagnosticsManager] LAST_CLOSED_TRANSACTION_LOG_BYTE_OFFSET (Byte offset in the log file where the last transaction commit entry has been written into): 16
2017-04-10 05:20:04.903+0000 INFO  [o.n.k.i.DiagnosticsManager] LAST_TRANSACTION_COMMIT_TIMESTAMP (Commit time timestamp for last committed transaction): 0
2017-04-10 05:20:04.903+0000 INFO  [o.n.k.i.DiagnosticsManager] UPGRADE_TRANSACTION_COMMIT_TIMESTAMP (Commit timestamp of transaction the most recent upgrade was performed at): 0
2017-04-10 05:20:04.903+0000 INFO  [o.n.k.i.DiagnosticsManager] --- STARTED diagnostics for NEO_STORE_RECORDS END ---
2017-04-10 05:20:04.905+0000 INFO  [o.n.k.i.DiagnosticsManager] --- STARTED diagnostics for TRANSACTION_RANGE START ---
2017-04-10 05:20:04.905+0000 INFO  [o.n.k.i.DiagnosticsManager] Transaction log:
2017-04-10 05:20:04.906+0000 INFO  [o.n.k.i.DiagnosticsManager] No transactions found in any log
2017-04-10 05:20:04.907+0000 INFO  [o.n.k.i.DiagnosticsManager] --- STARTED diagnostics for TRANSACTION_RANGE END ---
2017-04-10 05:20:04.907+0000 INFO  [o.n.k.i.DiagnosticsManager] --- STARTED diagnostics for KernelDiagnostics:StoreFiles START ---
2017-04-10 05:20:04.910+0000 INFO  [o.n.k.i.DiagnosticsManager] Disk space on partition (Total / Free / Free %): 144715542528 / 92816408576 / 64
Storage files: (filename : modification date - size)
2017-04-10 05:20:04.911+0000 INFO  [o.n.k.i.DiagnosticsManager]   index:
2017-04-10 05:20:04.912+0000 INFO  [o.n.k.i.DiagnosticsManager]   - Total: 2017-04-10T13:20:01+0800 - 0.00 B
2017-04-10 05:20:04.912+0000 INFO  [o.n.k.i.DiagnosticsManager]   logs:
2017-04-10 05:20:04.913+0000 INFO  [o.n.k.i.DiagnosticsManager]     debug.log: 2017-04-10T13:20:03+0800 - 38.84 kB
2017-04-10 05:20:04.913+0000 INFO  [o.n.k.i.DiagnosticsManager]   - Total: 2017-04-10T13:19:41+0800 - 38.84 kB
2017-04-10 05:20:04.913+0000 INFO  [o.n.k.i.DiagnosticsManager]   neostore: 2017-04-10T13:20:00+0800 - 8.00 kB
2017-04-10 05:20:04.914+0000 INFO  [o.n.k.i.DiagnosticsManager]   neostore.counts.db.a: 2017-04-10T13:20:03+0800 - 96.00 B
2017-04-10 05:20:04.914+0000 INFO  [o.n.k.i.DiagnosticsManager]   neostore.id: 2017-04-10T13:20:00+0800 - 9.00 B
2017-04-10 05:20:04.915+0000 INFO  [o.n.k.i.DiagnosticsManager]   neostore.labeltokenstore.db: 2017-04-10T13:19:57+0800 - 0.00 B
2017-04-10 05:20:04.915+0000 INFO  [o.n.k.i.DiagnosticsManager]   neostore.labeltokenstore.db.id: 2017-04-10T13:19:57+0800 - 9.00 B
2017-04-10 05:20:04.915+0000 INFO  [o.n.k.i.DiagnosticsManager]   neostore.labeltokenstore.db.names: 2017-04-10T13:19:57+0800 - 8.00 kB
2017-04-10 05:20:04.916+0000 INFO  [o.n.k.i.DiagnosticsManager]   neostore.labeltokenstore.db.names.id: 2017-04-10T13:19:57+0800 - 9.00 B
2017-04-10 05:20:04.916+0000 INFO  [o.n.k.i.DiagnosticsManager]   neostore.nodestore.db: 2017-04-10T13:19:53+0800 - 0.00 B
2017-04-10 05:20:04.917+0000 INFO  [o.n.k.i.DiagnosticsManager]   neostore.nodestore.db.id: 2017-04-10T13:19:54+0800 - 9.00 B
2017-04-10 05:20:04.917+0000 INFO  [o.n.k.i.DiagnosticsManager]   neostore.nodestore.db.labels: 2017-04-10T13:19:53+0800 - 8.00 kB
2017-04-10 05:20:04.918+0000 INFO  [o.n.k.i.DiagnosticsManager]   neostore.nodestore.db.labels.id: 2017-04-10T13:19:53+0800 - 9.00 B
2017-04-10 05:20:04.918+0000 INFO  [o.n.k.i.DiagnosticsManager]   neostore.propertystore.db: 2017-04-10T13:19:55+0800 - 0.00 B
2017-04-10 05:20:04.919+0000 INFO  [o.n.k.i.DiagnosticsManager]   neostore.propertystore.db.arrays: 2017-04-10T13:19:55+0800 - 8.00 kB
2017-04-10 05:20:04.919+0000 INFO  [o.n.k.i.DiagnosticsManager]   neostore.propertystore.db.arrays.id: 2017-04-10T13:19:55+0800 - 9.00 B
2017-04-10 05:20:04.919+0000 INFO  [o.n.k.i.DiagnosticsManager]   neostore.propertystore.db.id: 2017-04-10T13:19:55+0800 - 9.00 B
2017-04-10 05:20:04.920+0000 INFO  [o.n.k.i.DiagnosticsManager]   neostore.propertystore.db.index: 2017-04-10T13:19:54+0800 - 0.00 B
2017-04-10 05:20:04.920+0000 INFO  [o.n.k.i.DiagnosticsManager]   neostore.propertystore.db.index.id: 2017-04-10T13:19:54+0800 - 9.00 B
2017-04-10 05:20:04.921+0000 INFO  [o.n.k.i.DiagnosticsManager]   neostore.propertystore.db.index.keys: 2017-04-10T13:19:54+0800 - 8.00 kB
2017-04-10 05:20:04.921+0000 INFO  [o.n.k.i.DiagnosticsManager]   neostore.propertystore.db.index.keys.id: 2017-04-10T13:19:54+0800 - 9.00 B
2017-04-10 05:20:04.922+0000 INFO  [o.n.k.i.DiagnosticsManager]   neostore.propertystore.db.strings: 2017-04-10T13:19:55+0800 - 8.00 kB
2017-04-10 05:20:04.922+0000 INFO  [o.n.k.i.DiagnosticsManager]   neostore.propertystore.db.strings.id: 2017-04-10T13:19:55+0800 - 9.00 B
2017-04-10 05:20:04.923+0000 INFO  [o.n.k.i.DiagnosticsManager]   neostore.relationshipgroupstore.db: 2017-04-10T13:19:58+0800 - 8.00 kB
2017-04-10 05:20:04.924+0000 INFO  [o.n.k.i.DiagnosticsManager]   neostore.relationshipgroupstore.db.id: 2017-04-10T13:19:58+0800 - 9.00 B
2017-04-10 05:20:04.924+0000 INFO  [o.n.k.i.DiagnosticsManager]   neostore.relationshipstore.db: 2017-04-10T13:19:56+0800 - 0.00 B
2017-04-10 05:20:04.925+0000 INFO  [o.n.k.i.DiagnosticsManager]   neostore.relationshipstore.db.id: 2017-04-10T13:19:56+0800 - 9.00 B
2017-04-10 05:20:04.925+0000 INFO  [o.n.k.i.DiagnosticsManager]   neostore.relationshiptypestore.db: 2017-04-10T13:19:56+0800 - 0.00 B
2017-04-10 05:20:04.926+0000 INFO  [o.n.k.i.DiagnosticsManager]   neostore.relationshiptypestore.db.id: 2017-04-10T13:19:57+0800 - 9.00 B
2017-04-10 05:20:04.926+0000 INFO  [o.n.k.i.DiagnosticsManager]   neostore.relationshiptypestore.db.names: 2017-04-10T13:19:56+0800 - 8.00 kB
2017-04-10 05:20:04.927+0000 INFO  [o.n.k.i.DiagnosticsManager]   neostore.relationshiptypestore.db.names.id: 2017-04-10T13:19:56+0800 - 9.00 B
2017-04-10 05:20:04.927+0000 INFO  [o.n.k.i.DiagnosticsManager]   neostore.schemastore.db: 2017-04-10T13:19:57+0800 - 8.00 kB
2017-04-10 05:20:04.928+0000 INFO  [o.n.k.i.DiagnosticsManager]   neostore.schemastore.db.id: 2017-04-10T13:19:58+0800 - 9.00 B
2017-04-10 05:20:04.928+0000 INFO  [o.n.k.i.DiagnosticsManager]   neostore.transaction.db.0: 2017-04-10T13:20:02+0800 - 16.00 B
2017-04-10 05:20:04.928+0000 INFO  [o.n.k.i.DiagnosticsManager]   schema:
2017-04-10 05:20:04.929+0000 INFO  [o.n.k.i.DiagnosticsManager]     label:
2017-04-10 05:20:04.929+0000 INFO  [o.n.k.i.DiagnosticsManager]       lucene:
2017-04-10 05:20:04.929+0000 INFO  [o.n.k.i.DiagnosticsManager]         labelStore:
2017-04-10 05:20:04.929+0000 INFO  [o.n.k.i.DiagnosticsManager]           1:
2017-04-10 05:20:04.930+0000 INFO  [o.n.k.i.DiagnosticsManager]             write.lock: 2017-04-10T13:20:02+0800 - 0.00 B
2017-04-10 05:20:04.931+0000 INFO  [o.n.k.i.DiagnosticsManager]           - Total: 2017-04-10T13:20:02+0800 - 0.00 B
2017-04-10 05:20:04.931+0000 INFO  [o.n.k.i.DiagnosticsManager]           failure-message: 2017-04-10T13:20:01+0800 - 16.00 kB
2017-04-10 05:20:04.931+0000 INFO  [o.n.k.i.DiagnosticsManager]         - Total: 2017-04-10T13:20:01+0800 - 16.00 kB
2017-04-10 05:20:04.932+0000 INFO  [o.n.k.i.DiagnosticsManager]       - Total: 2017-04-10T13:20:01+0800 - 16.00 kB
2017-04-10 05:20:04.932+0000 INFO  [o.n.k.i.DiagnosticsManager]     - Total: 2017-04-10T13:20:01+0800 - 16.00 kB
2017-04-10 05:20:04.933+0000 INFO  [o.n.k.i.DiagnosticsManager]   - Total: 2017-04-10T13:20:01+0800 - 16.00 kB
2017-04-10 05:20:04.933+0000 INFO  [o.n.k.i.DiagnosticsManager]   store_lock: 2017-04-10T13:19:50+0800 - 0.00 B
2017-04-10 05:20:04.933+0000 INFO  [o.n.k.i.DiagnosticsManager] --- STARTED diagnostics for KernelDiagnostics:StoreFiles END ---
